<?xml version="1.0" encoding="UTF-8"?>
<robot generator="Robot 4.0.3 (Python 3.9.4 on win32)" generated="20210712 18:33:53.923" rpa="false" schemaversion="2">
<suite id="s1" name="TestDesafioTricentis" source="C:\Users\MRN Informatica\Desktop\TestRobotFramework\1-Tests\TestDesafioTricentis.robot">
<test id="s1-t1" name="CT01:Preencher Primeira Tela">
<kw name="Abrir navegador" library="Config" type="SETUP">
<kw name="Open Browser" library="SeleniumLibrary">
<arg>${URL}</arg>
<arg>${BROWSER}</arg>
<doc>Opens a new browser instance to the optional ``url``.</doc>
<msg timestamp="20210712 18:33:56.395" level="INFO">Opening browser 'chrome' to base url 'http://sampleapp.tricentis.com/101/app.php'.</msg>
<status status="PASS" starttime="20210712 18:33:56.395" endtime="20210712 18:34:00.439"/>
</kw>
<kw name="Maximize Browser Window" library="SeleniumLibrary">
<doc>Maximizes current browser window.</doc>
<status status="PASS" starttime="20210712 18:34:00.439" endtime="20210712 18:34:00.560"/>
</kw>
<kw name="Capture Page Screenshot" library="SeleniumLibrary">
<doc>Takes a screenshot of the current page and embeds it into a log file.</doc>
<msg timestamp="20210712 18:34:00.858" level="INFO" html="true">&lt;/td&gt;&lt;/tr&gt;&lt;tr&gt;&lt;td colspan="3"&gt;&lt;a href="selenium-screenshot-42.png"&gt;&lt;img src="selenium-screenshot-42.png" width="800px"&gt;&lt;/a&gt;</msg>
<status status="PASS" starttime="20210712 18:34:00.561" endtime="20210712 18:34:00.858"/>
</kw>
<status status="PASS" starttime="20210712 18:33:56.394" endtime="20210712 18:34:00.858"/>
</kw>
<kw name="Dado que acessei o site Tricents" library="DesafioTricentisSteps">
<kw name="Sleep" library="BuiltIn">
<arg>3</arg>
<doc>Pauses the test executed for the given time.</doc>
<msg timestamp="20210712 18:34:03.862" level="INFO">Slept 3 seconds</msg>
<status status="PASS" starttime="20210712 18:34:00.859" endtime="20210712 18:34:03.862"/>
</kw>
<kw name="Wait Until Element Is Visible" library="SeleniumLibrary">
<arg>${ValidaTelaInicial}</arg>
<doc>Waits until the element ``locator`` is visible.</doc>
<status status="PASS" starttime="20210712 18:34:03.862" endtime="20210712 18:34:03.888"/>
</kw>
<status status="PASS" starttime="20210712 18:34:00.859" endtime="20210712 18:34:03.888"/>
</kw>
<kw name="Quando preencho as informações diponiveis na tela &quot;Honda&quot;, &quot;Motorcycle&quot;, &quot;1000&quot;, &quot;142&quot;, &quot;07/10/2000&quot;, &quot;2&quot;, &quot;No&quot;, &quot;Gas&quot;, &quot;175&quot;, &quot;190&quot;, &quot;62000&quot;, &quot;FSI 3013&quot; e &quot;5000&quot;" library="DesafioTricentisSteps" sourcename="Quando preencho as informações diponiveis na tela &quot;${make}&quot;, &quot;${model}&quot;, &quot;${cylinder}&quot;, &quot;${kws}&quot;, &quot;${date}&quot;, &quot;${number}&quot;, &quot;${boolean}&quot;, &quot;${fuel}&quot;, &quot;${payload}&quot;, &quot;${weight}&quot;, &quot;${price}&quot;, &quot;${plate}&quot; e &quot;${mileage}&quot;">
<kw name="Verifica Se ComboBox Esta Na Tela" library="Config">
<arg>${MakeComboBx}</arg>
<arg>${make}</arg>
<kw name="Run Keyword And Return Status" library="BuiltIn">
<var>${Status}</var>
<arg>Olha se Existe</arg>
<arg>${pageObject}</arg>
<doc>Runs the given keyword with given arguments and returns the status as a Boolean value.</doc>
<kw name="Olha se Existe" library="Config">
<arg>${pageObject}</arg>
<kw name="Wait Until Element Is Visible" library="SeleniumLibrary">
<arg>${element}</arg>
<arg>60</arg>
<doc>Waits until the element ``locator`` is visible.</doc>
<status status="PASS" starttime="20210712 18:34:03.891" endtime="20210712 18:34:03.914"/>
</kw>
<status status="PASS" starttime="20210712 18:34:03.890" endtime="20210712 18:34:03.915"/>
</kw>
<msg timestamp="20210712 18:34:03.915" level="INFO">${Status} = True</msg>
<status status="PASS" starttime="20210712 18:34:03.890" endtime="20210712 18:34:03.915"/>
</kw>
<kw name="Run Keyword If" library="BuiltIn">
<arg>'${Status}' == 'True'</arg>
<arg>Seleciona Item Combo Box</arg>
<arg>${pageObject}</arg>
<arg>${opção}</arg>
<doc>Runs the given keyword with the given arguments, if ``condition`` is true.</doc>
<kw name="Seleciona Item Combo Box" library="Config">
<arg>${pageObject}</arg>
<arg>${opção}</arg>
<kw name="Sleep" library="BuiltIn">
<arg>1</arg>
<doc>Pauses the test executed for the given time.</doc>
<msg timestamp="20210712 18:34:04.925" level="INFO">Slept 1 second</msg>
<status status="PASS" starttime="20210712 18:34:03.916" endtime="20210712 18:34:04.925"/>
</kw>
<kw name="Wait Until Element Is Visible" library="SeleniumLibrary">
<arg>${combobox}</arg>
<arg>60</arg>
<doc>Waits until the element ``locator`` is visible.</doc>
<status status="PASS" starttime="20210712 18:34:04.925" endtime="20210712 18:34:04.940"/>
</kw>
<kw name="Click Element" library="SeleniumLibrary">
<arg>${combobox}</arg>
<doc>Click the element identified by ``locator``.</doc>
<msg timestamp="20210712 18:34:04.940" level="INFO">Clicking element 'xpath=//select[@id='make']'.</msg>
<status status="PASS" starttime="20210712 18:34:04.940" endtime="20210712 18:34:05.005"/>
</kw>
<kw name="Set Variable" library="BuiltIn">
<var>${Item}</var>
<arg>${combobox}//option[@value='${itemcombobox}']</arg>
<doc>Returns the given values which can then be assigned to a variables.</doc>
<msg timestamp="20210712 18:34:05.006" level="INFO">${Item} = xpath=//select[@id='make']//option[@value='Honda']</msg>
<status status="PASS" starttime="20210712 18:34:05.006" endtime="20210712 18:34:05.006"/>
</kw>
<kw name="Wait Until Element Is Visible" library="SeleniumLibrary">
<arg>${Item}</arg>
<arg>60</arg>
<doc>Waits until the element ``locator`` is visible.</doc>
<status status="PASS" starttime="20210712 18:34:05.006" endtime="20210712 18:34:05.028"/>
</kw>
<kw name="Click Element" library="SeleniumLibrary">
<arg>${Item}</arg>
<doc>Click the element identified by ``locator``.</doc>
<msg timestamp="20210712 18:34:05.028" level="INFO">Clicking element 'xpath=//select[@id='make']//option[@value='Honda']'.</msg>
<status status="PASS" starttime="20210712 18:34:05.028" endtime="20210712 18:34:05.056"/>
</kw>
<status status="PASS" starttime="20210712 18:34:03.915" endtime="20210712 18:34:05.056"/>
</kw>
<status status="PASS" starttime="20210712 18:34:03.915" endtime="20210712 18:34:05.056"/>
</kw>
<status status="PASS" starttime="20210712 18:34:03.890" endtime="20210712 18:34:05.056"/>
</kw>
<kw name="Verifica Se ComboBox Esta Na Tela" library="Config">
<arg>${ModelComboBx}</arg>
<arg>${model}</arg>
<kw name="Run Keyword And Return Status" library="BuiltIn">
<var>${Status}</var>
<arg>Olha se Existe</arg>
<arg>${pageObject}</arg>
<doc>Runs the given keyword with given arguments and returns the status as a Boolean value.</doc>
<kw name="Olha se Existe" library="Config">
<arg>${pageObject}</arg>
<kw name="Wait Until Element Is Visible" library="SeleniumLibrary">
<arg>${element}</arg>
<arg>60</arg>
<doc>Waits until the element ``locator`` is visible.</doc>
<status status="PASS" starttime="20210712 18:34:05.058" endtime="20210712 18:34:05.077"/>
</kw>
<status status="PASS" starttime="20210712 18:34:05.058" endtime="20210712 18:34:05.077"/>
</kw>
<msg timestamp="20210712 18:34:05.077" level="INFO">${Status} = True</msg>
<status status="PASS" starttime="20210712 18:34:05.056" endtime="20210712 18:34:05.077"/>
</kw>
<kw name="Run Keyword If" library="BuiltIn">
<arg>'${Status}' == 'True'</arg>
<arg>Seleciona Item Combo Box</arg>
<arg>${pageObject}</arg>
<arg>${opção}</arg>
<doc>Runs the given keyword with the given arguments, if ``condition`` is true.</doc>
<kw name="Seleciona Item Combo Box" library="Config">
<arg>${pageObject}</arg>
<arg>${opção}</arg>
<kw name="Sleep" library="BuiltIn">
<arg>1</arg>
<doc>Pauses the test executed for the given time.</doc>
<msg timestamp="20210712 18:34:06.085" level="INFO">Slept 1 second</msg>
<status status="PASS" starttime="20210712 18:34:05.078" endtime="20210712 18:34:06.085"/>
</kw>
<kw name="Wait Until Element Is Visible" library="SeleniumLibrary">
<arg>${combobox}</arg>
<arg>60</arg>
<doc>Waits until the element ``locator`` is visible.</doc>
<status status="PASS" starttime="20210712 18:34:06.085" endtime="20210712 18:34:06.100"/>
</kw>
<kw name="Click Element" library="SeleniumLibrary">
<arg>${combobox}</arg>
<doc>Click the element identified by ``locator``.</doc>
<msg timestamp="20210712 18:34:06.101" level="INFO">Clicking element 'xpath=//select[@id='model']'.</msg>
<status status="PASS" starttime="20210712 18:34:06.100" endtime="20210712 18:34:06.161"/>
</kw>
<kw name="Set Variable" library="BuiltIn">
<var>${Item}</var>
<arg>${combobox}//option[@value='${itemcombobox}']</arg>
<doc>Returns the given values which can then be assigned to a variables.</doc>
<msg timestamp="20210712 18:34:06.162" level="INFO">${Item} = xpath=//select[@id='model']//option[@value='Motorcycle']</msg>
<status status="PASS" starttime="20210712 18:34:06.162" endtime="20210712 18:34:06.162"/>
</kw>
<kw name="Wait Until Element Is Visible" library="SeleniumLibrary">
<arg>${Item}</arg>
<arg>60</arg>
<doc>Waits until the element ``locator`` is visible.</doc>
<status status="PASS" starttime="20210712 18:34:06.163" endtime="20210712 18:34:06.178"/>
</kw>
<kw name="Click Element" library="SeleniumLibrary">
<arg>${Item}</arg>
<doc>Click the element identified by ``locator``.</doc>
<msg timestamp="20210712 18:34:06.179" level="INFO">Clicking element 'xpath=//select[@id='model']//option[@value='Motorcycle']'.</msg>
<status status="PASS" starttime="20210712 18:34:06.179" endtime="20210712 18:34:06.206"/>
</kw>
<status status="PASS" starttime="20210712 18:34:05.077" endtime="20210712 18:34:06.206"/>
</kw>
<status status="PASS" starttime="20210712 18:34:05.077" endtime="20210712 18:34:06.207"/>
</kw>
<status status="PASS" starttime="20210712 18:34:05.056" endtime="20210712 18:34:06.207"/>
</kw>
<kw name="Verifica Se Input Esta Na Tela" library="Config">
<arg>${CylinderInput}</arg>
<arg>${cylinder}</arg>
<kw name="Run Keyword And Return Status" library="BuiltIn">
<var>${Status}</var>
<arg>Olha se Existe</arg>
<arg>${pageObject}</arg>
<doc>Runs the given keyword with given arguments and returns the status as a Boolean value.</doc>
<kw name="Olha se Existe" library="Config">
<arg>${pageObject}</arg>
<kw name="Wait Until Element Is Visible" library="SeleniumLibrary">
<arg>${element}</arg>
<arg>60</arg>
<doc>Waits until the element ``locator`` is visible.</doc>
<status status="PASS" starttime="20210712 18:34:06.208" endtime="20210712 18:34:06.236"/>
</kw>
<status status="PASS" starttime="20210712 18:34:06.207" endtime="20210712 18:34:06.236"/>
</kw>
<msg timestamp="20210712 18:34:06.236" level="INFO">${Status} = True</msg>
<status status="PASS" starttime="20210712 18:34:06.207" endtime="20210712 18:34:06.236"/>
</kw>
<kw name="Run Keyword If" library="BuiltIn">
<arg>'${Status}' == 'True'</arg>
<arg>Preenche Text</arg>
<arg>${pageObject}</arg>
<arg>${opção}</arg>
<doc>Runs the given keyword with the given arguments, if ``condition`` is true.</doc>
<kw name="Preenche Text" library="Config">
<arg>${pageObject}</arg>
<arg>${opção}</arg>
<kw name="Sleep" library="BuiltIn">
<arg>1</arg>
<doc>Pauses the test executed for the given time.</doc>
<msg timestamp="20210712 18:34:07.244" level="INFO">Slept 1 second</msg>
<status status="PASS" starttime="20210712 18:34:06.237" endtime="20210712 18:34:07.244"/>
</kw>
<kw name="Wait Until Element Is Visible" library="SeleniumLibrary">
<arg>${input}</arg>
<arg>60</arg>
<doc>Waits until the element ``locator`` is visible.</doc>
<status status="PASS" starttime="20210712 18:34:07.244" endtime="20210712 18:34:07.261"/>
</kw>
<kw name="Input Text" library="SeleniumLibrary">
<arg>${input}</arg>
<arg>${Text}</arg>
<doc>Types the given ``text`` into the text field identified by ``locator``.</doc>
<msg timestamp="20210712 18:34:07.262" level="INFO">Typing text '1000' into text field 'xpath=//input[@id='cylindercapacity']'.</msg>
<status status="PASS" starttime="20210712 18:34:07.261" endtime="20210712 18:34:07.368"/>
</kw>
<status status="PASS" starttime="20210712 18:34:06.237" endtime="20210712 18:34:07.368"/>
</kw>
<status status="PASS" starttime="20210712 18:34:06.236" endtime="20210712 18:34:07.368"/>
</kw>
<status status="PASS" starttime="20210712 18:34:06.207" endtime="20210712 18:34:07.368"/>
</kw>
<kw name="Verifica Se Input Esta Na Tela" library="Config">
<arg>${EnginerInput}</arg>
<arg>${kws}</arg>
<kw name="Run Keyword And Return Status" library="BuiltIn">
<var>${Status}</var>
<arg>Olha se Existe</arg>
<arg>${pageObject}</arg>
<doc>Runs the given keyword with given arguments and returns the status as a Boolean value.</doc>
<kw name="Olha se Existe" library="Config">
<arg>${pageObject}</arg>
<kw name="Wait Until Element Is Visible" library="SeleniumLibrary">
<arg>${element}</arg>
<arg>60</arg>
<doc>Waits until the element ``locator`` is visible.</doc>
<status status="PASS" starttime="20210712 18:34:07.369" endtime="20210712 18:34:07.387"/>
</kw>
<status status="PASS" starttime="20210712 18:34:07.369" endtime="20210712 18:34:07.388"/>
</kw>
<msg timestamp="20210712 18:34:07.388" level="INFO">${Status} = True</msg>
<status status="PASS" starttime="20210712 18:34:07.369" endtime="20210712 18:34:07.388"/>
</kw>
<kw name="Run Keyword If" library="BuiltIn">
<arg>'${Status}' == 'True'</arg>
<arg>Preenche Text</arg>
<arg>${pageObject}</arg>
<arg>${opção}</arg>
<doc>Runs the given keyword with the given arguments, if ``condition`` is true.</doc>
<kw name="Preenche Text" library="Config">
<arg>${pageObject}</arg>
<arg>${opção}</arg>
<kw name="Sleep" library="BuiltIn">
<arg>1</arg>
<doc>Pauses the test executed for the given time.</doc>
<msg timestamp="20210712 18:34:08.402" level="INFO">Slept 1 second</msg>
<status status="PASS" starttime="20210712 18:34:07.388" endtime="20210712 18:34:08.402"/>
</kw>
<kw name="Wait Until Element Is Visible" library="SeleniumLibrary">
<arg>${input}</arg>
<arg>60</arg>
<doc>Waits until the element ``locator`` is visible.</doc>
<status status="PASS" starttime="20210712 18:34:08.402" endtime="20210712 18:34:08.417"/>
</kw>
<kw name="Input Text" library="SeleniumLibrary">
<arg>${input}</arg>
<arg>${Text}</arg>
<doc>Types the given ``text`` into the text field identified by ``locator``.</doc>
<msg timestamp="20210712 18:34:08.417" level="INFO">Typing text '142' into text field 'xpath=//input[@id='engineperformance']'.</msg>
<status status="PASS" starttime="20210712 18:34:08.417" endtime="20210712 18:34:08.499"/>
</kw>
<status status="PASS" starttime="20210712 18:34:07.388" endtime="20210712 18:34:08.500"/>
</kw>
<status status="PASS" starttime="20210712 18:34:07.388" endtime="20210712 18:34:08.500"/>
</kw>
<status status="PASS" starttime="20210712 18:34:07.368" endtime="20210712 18:34:08.500"/>
</kw>
<kw name="Verifica Se Input Esta Na Tela" library="Config">
<arg>${DataManufactureInput}</arg>
<arg>${date}</arg>
<kw name="Run Keyword And Return Status" library="BuiltIn">
<var>${Status}</var>
<arg>Olha se Existe</arg>
<arg>${pageObject}</arg>
<doc>Runs the given keyword with given arguments and returns the status as a Boolean value.</doc>
<kw name="Olha se Existe" library="Config">
<arg>${pageObject}</arg>
<kw name="Wait Until Element Is Visible" library="SeleniumLibrary">
<arg>${element}</arg>
<arg>60</arg>
<doc>Waits until the element ``locator`` is visible.</doc>
<status status="PASS" starttime="20210712 18:34:08.501" endtime="20210712 18:34:08.521"/>
</kw>
<status status="PASS" starttime="20210712 18:34:08.500" endtime="20210712 18:34:08.521"/>
</kw>
<msg timestamp="20210712 18:34:08.521" level="INFO">${Status} = True</msg>
<status status="PASS" starttime="20210712 18:34:08.500" endtime="20210712 18:34:08.521"/>
</kw>
<kw name="Run Keyword If" library="BuiltIn">
<arg>'${Status}' == 'True'</arg>
<arg>Preenche Text</arg>
<arg>${pageObject}</arg>
<arg>${opção}</arg>
<doc>Runs the given keyword with the given arguments, if ``condition`` is true.</doc>
<kw name="Preenche Text" library="Config">
<arg>${pageObject}</arg>
<arg>${opção}</arg>
<kw name="Sleep" library="BuiltIn">
<arg>1</arg>
<doc>Pauses the test executed for the given time.</doc>
<msg timestamp="20210712 18:34:09.530" level="INFO">Slept 1 second</msg>
<status status="PASS" starttime="20210712 18:34:08.522" endtime="20210712 18:34:09.530"/>
</kw>
<kw name="Wait Until Element Is Visible" library="SeleniumLibrary">
<arg>${input}</arg>
<arg>60</arg>
<doc>Waits until the element ``locator`` is visible.</doc>
<status status="PASS" starttime="20210712 18:34:09.530" endtime="20210712 18:34:09.545"/>
</kw>
<kw name="Input Text" library="SeleniumLibrary">
<arg>${input}</arg>
<arg>${Text}</arg>
<doc>Types the given ``text`` into the text field identified by ``locator``.</doc>
<msg timestamp="20210712 18:34:09.546" level="INFO">Typing text '07/10/2000' into text field 'xpath=//input[@id='dateofmanufacture']'.</msg>
<status status="PASS" starttime="20210712 18:34:09.545" endtime="20210712 18:34:09.683"/>
</kw>
<status status="PASS" starttime="20210712 18:34:08.522" endtime="20210712 18:34:09.683"/>
</kw>
<status status="PASS" starttime="20210712 18:34:08.522" endtime="20210712 18:34:09.683"/>
</kw>
<status status="PASS" starttime="20210712 18:34:08.500" endtime="20210712 18:34:09.683"/>
</kw>
<kw name="Verifica Se ComboBox Esta Na Tela" library="Config">
<arg>${NumSeats1ComboBx}</arg>
<arg>${number}</arg>
<kw name="Run Keyword And Return Status" library="BuiltIn">
<var>${Status}</var>
<arg>Olha se Existe</arg>
<arg>${pageObject}</arg>
<doc>Runs the given keyword with given arguments and returns the status as a Boolean value.</doc>
<kw name="Olha se Existe" library="Config">
<arg>${pageObject}</arg>
<kw name="Wait Until Element Is Visible" library="SeleniumLibrary">
<arg>${element}</arg>
<arg>60</arg>
<doc>Waits until the element ``locator`` is visible.</doc>
<kw name="Capture Page Screenshot" library="SeleniumLibrary">
<doc>Takes a screenshot of the current page and embeds it into a log file.</doc>
<msg timestamp="20210712 18:35:09.904" level="INFO" html="true">&lt;/td&gt;&lt;/tr&gt;&lt;tr&gt;&lt;td colspan="3"&gt;&lt;a href="selenium-screenshot-43.png"&gt;&lt;img src="selenium-screenshot-43.png" width="800px"&gt;&lt;/a&gt;</msg>
<status status="PASS" starttime="20210712 18:35:09.775" endtime="20210712 18:35:09.904"/>
</kw>
<msg timestamp="20210712 18:35:09.905" level="FAIL">Element 'xpath=//select[@id='numberofseats']' not visible after 1 minute.</msg>
<status status="FAIL" starttime="20210712 18:34:09.684" endtime="20210712 18:35:09.905"/>
</kw>
<status status="FAIL" starttime="20210712 18:34:09.684" endtime="20210712 18:35:09.905"/>
</kw>
<msg timestamp="20210712 18:35:09.905" level="INFO">${Status} = False</msg>
<status status="PASS" starttime="20210712 18:34:09.684" endtime="20210712 18:35:09.905"/>
</kw>
<kw name="Run Keyword If" library="BuiltIn">
<arg>'${Status}' == 'True'</arg>
<arg>Seleciona Item Combo Box</arg>
<arg>${pageObject}</arg>
<arg>${opção}</arg>
<doc>Runs the given keyword with the given arguments, if ``condition`` is true.</doc>
<status status="PASS" starttime="20210712 18:35:09.905" endtime="20210712 18:35:09.906"/>
</kw>
<status status="PASS" starttime="20210712 18:34:09.684" endtime="20210712 18:35:09.906"/>
</kw>
<kw name="Verifica Se Item Esta Na Tela" library="Config">
<arg>${RightDriverRadioFix}</arg>
<kw name="Run Keyword And Return Status" library="BuiltIn">
<var>${Status}</var>
<arg>Olha se Existe</arg>
<arg>${pageObject}</arg>
<doc>Runs the given keyword with given arguments and returns the status as a Boolean value.</doc>
<kw name="Olha se Existe" library="Config">
<arg>${pageObject}</arg>
<kw name="Wait Until Element Is Visible" library="SeleniumLibrary">
<arg>${element}</arg>
<arg>60</arg>
<doc>Waits until the element ``locator`` is visible.</doc>
<kw name="Capture Page Screenshot" library="SeleniumLibrary">
<doc>Takes a screenshot of the current page and embeds it into a log file.</doc>
<msg timestamp="20210712 18:36:10.111" level="INFO" html="true">&lt;/td&gt;&lt;/tr&gt;&lt;tr&gt;&lt;td colspan="3"&gt;&lt;a href="selenium-screenshot-44.png"&gt;&lt;img src="selenium-screenshot-44.png" width="800px"&gt;&lt;/a&gt;</msg>
<status status="PASS" starttime="20210712 18:36:09.927" endtime="20210712 18:36:10.111"/>
</kw>
<msg timestamp="20210712 18:36:10.112" level="FAIL">Element 'xpath=//form[@id="insurance-form"]/div/section[1]/div[7]/p/label[2]/span' not visible after 1 minute.</msg>
<status status="FAIL" starttime="20210712 18:35:09.906" endtime="20210712 18:36:10.112"/>
</kw>
<status status="FAIL" starttime="20210712 18:35:09.906" endtime="20210712 18:36:10.112"/>
</kw>
<msg timestamp="20210712 18:36:10.112" level="INFO">${Status} = False</msg>
<status status="PASS" starttime="20210712 18:35:09.906" endtime="20210712 18:36:10.112"/>
</kw>
<kw name="Run Keyword If" library="BuiltIn">
<arg>'${Status}' == 'True'</arg>
<arg>Click No Item</arg>
<arg>${pageObject}</arg>
<doc>Runs the given keyword with the given arguments, if ``condition`` is true.</doc>
<status status="PASS" starttime="20210712 18:36:10.112" endtime="20210712 18:36:10.113"/>
</kw>
<status status="PASS" starttime="20210712 18:35:09.906" endtime="20210712 18:36:10.113"/>
</kw>
<kw name="Verifica Se ComboBox Esta Na Tela" library="Config">
<arg>${NumSeats2ComboBx}</arg>
<arg>${number}</arg>
<kw name="Run Keyword And Return Status" library="BuiltIn">
<var>${Status}</var>
<arg>Olha se Existe</arg>
<arg>${pageObject}</arg>
<doc>Runs the given keyword with given arguments and returns the status as a Boolean value.</doc>
<kw name="Olha se Existe" library="Config">
<arg>${pageObject}</arg>
<kw name="Wait Until Element Is Visible" library="SeleniumLibrary">
<arg>${element}</arg>
<arg>60</arg>
<doc>Waits until the element ``locator`` is visible.</doc>
<status status="PASS" starttime="20210712 18:36:10.114" endtime="20210712 18:36:10.134"/>
</kw>
<status status="PASS" starttime="20210712 18:36:10.113" endtime="20210712 18:36:10.134"/>
</kw>
<msg timestamp="20210712 18:36:10.134" level="INFO">${Status} = True</msg>
<status status="PASS" starttime="20210712 18:36:10.113" endtime="20210712 18:36:10.134"/>
</kw>
<kw name="Run Keyword If" library="BuiltIn">
<arg>'${Status}' == 'True'</arg>
<arg>Seleciona Item Combo Box</arg>
<arg>${pageObject}</arg>
<arg>${opção}</arg>
<doc>Runs the given keyword with the given arguments, if ``condition`` is true.</doc>
<kw name="Seleciona Item Combo Box" library="Config">
<arg>${pageObject}</arg>
<arg>${opção}</arg>
<kw name="Sleep" library="BuiltIn">
<arg>1</arg>
<doc>Pauses the test executed for the given time.</doc>
<msg timestamp="20210712 18:36:11.146" level="INFO">Slept 1 second</msg>
<status status="PASS" starttime="20210712 18:36:10.135" endtime="20210712 18:36:11.146"/>
</kw>
<kw name="Wait Until Element Is Visible" library="SeleniumLibrary">
<arg>${combobox}</arg>
<arg>60</arg>
<doc>Waits until the element ``locator`` is visible.</doc>
<status status="PASS" starttime="20210712 18:36:11.146" endtime="20210712 18:36:11.164"/>
</kw>
<kw name="Click Element" library="SeleniumLibrary">
<arg>${combobox}</arg>
<doc>Click the element identified by ``locator``.</doc>
<msg timestamp="20210712 18:36:11.164" level="INFO">Clicking element 'xpath=//select[@id='numberofseatsmotorcycle']'.</msg>
<status status="PASS" starttime="20210712 18:36:11.164" endtime="20210712 18:36:11.223"/>
</kw>
<kw name="Set Variable" library="BuiltIn">
<var>${Item}</var>
<arg>${combobox}//option[@value='${itemcombobox}']</arg>
<doc>Returns the given values which can then be assigned to a variables.</doc>
<msg timestamp="20210712 18:36:11.224" level="INFO">${Item} = xpath=//select[@id='numberofseatsmotorcycle']//option[@value='2']</msg>
<status status="PASS" starttime="20210712 18:36:11.223" endtime="20210712 18:36:11.224"/>
</kw>
<kw name="Wait Until Element Is Visible" library="SeleniumLibrary">
<arg>${Item}</arg>
<arg>60</arg>
<doc>Waits until the element ``locator`` is visible.</doc>
<status status="PASS" starttime="20210712 18:36:11.224" endtime="20210712 18:36:11.245"/>
</kw>
<kw name="Click Element" library="SeleniumLibrary">
<arg>${Item}</arg>
<doc>Click the element identified by ``locator``.</doc>
<msg timestamp="20210712 18:36:11.246" level="INFO">Clicking element 'xpath=//select[@id='numberofseatsmotorcycle']//option[@value='2']'.</msg>
<status status="PASS" starttime="20210712 18:36:11.245" endtime="20210712 18:36:11.278"/>
</kw>
<status status="PASS" starttime="20210712 18:36:10.134" endtime="20210712 18:36:11.278"/>
</kw>
<status status="PASS" starttime="20210712 18:36:10.134" endtime="20210712 18:36:11.278"/>
</kw>
<status status="PASS" starttime="20210712 18:36:10.113" endtime="20210712 18:36:11.279"/>
</kw>
<kw name="Verifica Se ComboBox Esta Na Tela" library="Config">
<arg>${FuelTypeComboBx}</arg>
<arg>${fuel}</arg>
<kw name="Run Keyword And Return Status" library="BuiltIn">
<var>${Status}</var>
<arg>Olha se Existe</arg>
<arg>${pageObject}</arg>
<doc>Runs the given keyword with given arguments and returns the status as a Boolean value.</doc>
<kw name="Olha se Existe" library="Config">
<arg>${pageObject}</arg>
<kw name="Wait Until Element Is Visible" library="SeleniumLibrary">
<arg>${element}</arg>
<arg>60</arg>
<doc>Waits until the element ``locator`` is visible.</doc>
<kw name="Capture Page Screenshot" library="SeleniumLibrary">
<doc>Takes a screenshot of the current page and embeds it into a log file.</doc>
<msg timestamp="20210712 18:37:11.616" level="INFO" html="true">&lt;/td&gt;&lt;/tr&gt;&lt;tr&gt;&lt;td colspan="3"&gt;&lt;a href="selenium-screenshot-45.png"&gt;&lt;img src="selenium-screenshot-45.png" width="800px"&gt;&lt;/a&gt;</msg>
<status status="PASS" starttime="20210712 18:37:11.451" endtime="20210712 18:37:11.616"/>
</kw>
<msg timestamp="20210712 18:37:11.617" level="FAIL">Element 'xpath=//select[@id='fuel']' not visible after 1 minute.</msg>
<status status="FAIL" starttime="20210712 18:36:11.280" endtime="20210712 18:37:11.617"/>
</kw>
<status status="FAIL" starttime="20210712 18:36:11.280" endtime="20210712 18:37:11.617"/>
</kw>
<msg timestamp="20210712 18:37:11.617" level="INFO">${Status} = False</msg>
<status status="PASS" starttime="20210712 18:36:11.279" endtime="20210712 18:37:11.617"/>
</kw>
<kw name="Run Keyword If" library="BuiltIn">
<arg>'${Status}' == 'True'</arg>
<arg>Seleciona Item Combo Box</arg>
<arg>${pageObject}</arg>
<arg>${opção}</arg>
<doc>Runs the given keyword with the given arguments, if ``condition`` is true.</doc>
<status status="PASS" starttime="20210712 18:37:11.617" endtime="20210712 18:37:11.617"/>
</kw>
<status status="PASS" starttime="20210712 18:36:11.279" endtime="20210712 18:37:11.617"/>
</kw>
<kw name="Verifica Se Input Esta Na Tela" library="Config">
<arg>${PayloadInput}</arg>
<arg>${payload}</arg>
<kw name="Run Keyword And Return Status" library="BuiltIn">
<var>${Status}</var>
<arg>Olha se Existe</arg>
<arg>${pageObject}</arg>
<doc>Runs the given keyword with given arguments and returns the status as a Boolean value.</doc>
<kw name="Olha se Existe" library="Config">
<arg>${pageObject}</arg>
<kw name="Wait Until Element Is Visible" library="SeleniumLibrary">
<arg>${element}</arg>
<arg>60</arg>
<doc>Waits until the element ``locator`` is visible.</doc>
<kw name="Capture Page Screenshot" library="SeleniumLibrary">
<doc>Takes a screenshot of the current page and embeds it into a log file.</doc>
<msg timestamp="20210712 18:38:11.866" level="INFO" html="true">&lt;/td&gt;&lt;/tr&gt;&lt;tr&gt;&lt;td colspan="3"&gt;&lt;a href="selenium-screenshot-46.png"&gt;&lt;img src="selenium-screenshot-46.png" width="800px"&gt;&lt;/a&gt;</msg>
<status status="PASS" starttime="20210712 18:38:11.673" endtime="20210712 18:38:11.866"/>
</kw>
<msg timestamp="20210712 18:38:11.866" level="FAIL">Element 'xpath=//input[@id='payload']' not visible after 1 minute.</msg>
<status status="FAIL" starttime="20210712 18:37:11.618" endtime="20210712 18:38:11.866"/>
</kw>
<status status="FAIL" starttime="20210712 18:37:11.618" endtime="20210712 18:38:11.867"/>
</kw>
<msg timestamp="20210712 18:38:11.867" level="INFO">${Status} = False</msg>
<status status="PASS" starttime="20210712 18:37:11.618" endtime="20210712 18:38:11.867"/>
</kw>
<kw name="Run Keyword If" library="BuiltIn">
<arg>'${Status}' == 'True'</arg>
<arg>Preenche Text</arg>
<arg>${pageObject}</arg>
<arg>${opção}</arg>
<doc>Runs the given keyword with the given arguments, if ``condition`` is true.</doc>
<status status="PASS" starttime="20210712 18:38:11.867" endtime="20210712 18:38:11.867"/>
</kw>
<status status="PASS" starttime="20210712 18:37:11.617" endtime="20210712 18:38:11.867"/>
</kw>
<kw name="Verifica Se Input Esta Na Tela" library="Config">
<arg>${TotalWeightInput}</arg>
<arg>${weight}</arg>
<kw name="Run Keyword And Return Status" library="BuiltIn">
<var>${Status}</var>
<arg>Olha se Existe</arg>
<arg>${pageObject}</arg>
<doc>Runs the given keyword with given arguments and returns the status as a Boolean value.</doc>
<kw name="Olha se Existe" library="Config">
<arg>${pageObject}</arg>
<kw name="Wait Until Element Is Visible" library="SeleniumLibrary">
<arg>${element}</arg>
<arg>60</arg>
<doc>Waits until the element ``locator`` is visible.</doc>
<kw name="Capture Page Screenshot" library="SeleniumLibrary">
<doc>Takes a screenshot of the current page and embeds it into a log file.</doc>
<msg timestamp="20210712 18:39:12.070" level="INFO" html="true">&lt;/td&gt;&lt;/tr&gt;&lt;tr&gt;&lt;td colspan="3"&gt;&lt;a href="selenium-screenshot-47.png"&gt;&lt;img src="selenium-screenshot-47.png" width="800px"&gt;&lt;/a&gt;</msg>
<status status="PASS" starttime="20210712 18:39:11.894" endtime="20210712 18:39:12.070"/>
</kw>
<msg timestamp="20210712 18:39:12.070" level="FAIL">Element 'xpath=//input[@id='totalweight']' not visible after 1 minute.</msg>
<status status="FAIL" starttime="20210712 18:38:11.868" endtime="20210712 18:39:12.070"/>
</kw>
<status status="FAIL" starttime="20210712 18:38:11.868" endtime="20210712 18:39:12.070"/>
</kw>
<msg timestamp="20210712 18:39:12.071" level="INFO">${Status} = False</msg>
<status status="PASS" starttime="20210712 18:38:11.868" endtime="20210712 18:39:12.071"/>
</kw>
<kw name="Run Keyword If" library="BuiltIn">
<arg>'${Status}' == 'True'</arg>
<arg>Preenche Text</arg>
<arg>${pageObject}</arg>
<arg>${opção}</arg>
<doc>Runs the given keyword with the given arguments, if ``condition`` is true.</doc>
<status status="PASS" starttime="20210712 18:39:12.071" endtime="20210712 18:39:12.071"/>
</kw>
<status status="PASS" starttime="20210712 18:38:11.867" endtime="20210712 18:39:12.071"/>
</kw>
<kw name="Verifica Se Input Esta Na Tela" library="Config">
<arg>${ListPriceInput}</arg>
<arg>${price}</arg>
<kw name="Run Keyword And Return Status" library="BuiltIn">
<var>${Status}</var>
<arg>Olha se Existe</arg>
<arg>${pageObject}</arg>
<doc>Runs the given keyword with given arguments and returns the status as a Boolean value.</doc>
<kw name="Olha se Existe" library="Config">
<arg>${pageObject}</arg>
<kw name="Wait Until Element Is Visible" library="SeleniumLibrary">
<arg>${element}</arg>
<arg>60</arg>
<doc>Waits until the element ``locator`` is visible.</doc>
<status status="PASS" starttime="20210712 18:39:12.072" endtime="20210712 18:39:12.096"/>
</kw>
<status status="PASS" starttime="20210712 18:39:12.072" endtime="20210712 18:39:12.096"/>
</kw>
<msg timestamp="20210712 18:39:12.096" level="INFO">${Status} = True</msg>
<status status="PASS" starttime="20210712 18:39:12.071" endtime="20210712 18:39:12.096"/>
</kw>
<kw name="Run Keyword If" library="BuiltIn">
<arg>'${Status}' == 'True'</arg>
<arg>Preenche Text</arg>
<arg>${pageObject}</arg>
<arg>${opção}</arg>
<doc>Runs the given keyword with the given arguments, if ``condition`` is true.</doc>
<kw name="Preenche Text" library="Config">
<arg>${pageObject}</arg>
<arg>${opção}</arg>
<kw name="Sleep" library="BuiltIn">
<arg>1</arg>
<doc>Pauses the test executed for the given time.</doc>
<msg timestamp="20210712 18:39:13.099" level="INFO">Slept 1 second</msg>
<status status="PASS" starttime="20210712 18:39:12.097" endtime="20210712 18:39:13.099"/>
</kw>
<kw name="Wait Until Element Is Visible" library="SeleniumLibrary">
<arg>${input}</arg>
<arg>60</arg>
<doc>Waits until the element ``locator`` is visible.</doc>
<status status="PASS" starttime="20210712 18:39:13.099" endtime="20210712 18:39:13.116"/>
</kw>
<kw name="Input Text" library="SeleniumLibrary">
<arg>${input}</arg>
<arg>${Text}</arg>
<doc>Types the given ``text`` into the text field identified by ``locator``.</doc>
<msg timestamp="20210712 18:39:13.116" level="INFO">Typing text '62000' into text field 'xpath=//input[@id='listprice']'.</msg>
<status status="PASS" starttime="20210712 18:39:13.116" endtime="20210712 18:39:13.213"/>
</kw>
<status status="PASS" starttime="20210712 18:39:12.097" endtime="20210712 18:39:13.214"/>
</kw>
<status status="PASS" starttime="20210712 18:39:12.096" endtime="20210712 18:39:13.214"/>
</kw>
<status status="PASS" starttime="20210712 18:39:12.071" endtime="20210712 18:39:13.214"/>
</kw>
<kw name="Verifica Se Input Esta Na Tela" library="Config">
<arg>${LicensePlaterInput}</arg>
<arg>${plate}</arg>
<kw name="Run Keyword And Return Status" library="BuiltIn">
<var>${Status}</var>
<arg>Olha se Existe</arg>
<arg>${pageObject}</arg>
<doc>Runs the given keyword with given arguments and returns the status as a Boolean value.</doc>
<kw name="Olha se Existe" library="Config">
<arg>${pageObject}</arg>
<kw name="Wait Until Element Is Visible" library="SeleniumLibrary">
<arg>${element}</arg>
<arg>60</arg>
<doc>Waits until the element ``locator`` is visible.</doc>
<kw name="Capture Page Screenshot" library="SeleniumLibrary">
<doc>Takes a screenshot of the current page and embeds it into a log file.</doc>
<msg timestamp="20210712 18:40:13.506" level="INFO" html="true">&lt;/td&gt;&lt;/tr&gt;&lt;tr&gt;&lt;td colspan="3"&gt;&lt;a href="selenium-screenshot-48.png"&gt;&lt;img src="selenium-screenshot-48.png" width="800px"&gt;&lt;/a&gt;</msg>
<status status="PASS" starttime="20210712 18:40:13.329" endtime="20210712 18:40:13.507"/>
</kw>
<msg timestamp="20210712 18:40:13.507" level="FAIL">Element 'xpath=//input[@id='licenseplatenumber']' not visible after 1 minute.</msg>
<status status="FAIL" starttime="20210712 18:39:13.215" endtime="20210712 18:40:13.507"/>
</kw>
<status status="FAIL" starttime="20210712 18:39:13.214" endtime="20210712 18:40:13.507"/>
</kw>
<msg timestamp="20210712 18:40:13.507" level="INFO">${Status} = False</msg>
<status status="PASS" starttime="20210712 18:39:13.214" endtime="20210712 18:40:13.507"/>
</kw>
<kw name="Run Keyword If" library="BuiltIn">
<arg>'${Status}' == 'True'</arg>
<arg>Preenche Text</arg>
<arg>${pageObject}</arg>
<arg>${opção}</arg>
<doc>Runs the given keyword with the given arguments, if ``condition`` is true.</doc>
<status status="PASS" starttime="20210712 18:40:13.508" endtime="20210712 18:40:13.508"/>
</kw>
<status status="PASS" starttime="20210712 18:39:13.214" endtime="20210712 18:40:13.508"/>
</kw>
<kw name="Verifica Se Input Esta Na Tela" library="Config">
<arg>${AnnualMileageInput}</arg>
<arg>${mileage}</arg>
<kw name="Run Keyword And Return Status" library="BuiltIn">
<var>${Status}</var>
<arg>Olha se Existe</arg>
<arg>${pageObject}</arg>
<doc>Runs the given keyword with given arguments and returns the status as a Boolean value.</doc>
<kw name="Olha se Existe" library="Config">
<arg>${pageObject}</arg>
<kw name="Wait Until Element Is Visible" library="SeleniumLibrary">
<arg>${element}</arg>
<arg>60</arg>
<doc>Waits until the element ``locator`` is visible.</doc>
<status status="PASS" starttime="20210712 18:40:13.509" endtime="20210712 18:40:13.528"/>
</kw>
<status status="PASS" starttime="20210712 18:40:13.509" endtime="20210712 18:40:13.528"/>
</kw>
<msg timestamp="20210712 18:40:13.528" level="INFO">${Status} = True</msg>
<status status="PASS" starttime="20210712 18:40:13.508" endtime="20210712 18:40:13.528"/>
</kw>
<kw name="Run Keyword If" library="BuiltIn">
<arg>'${Status}' == 'True'</arg>
<arg>Preenche Text</arg>
<arg>${pageObject}</arg>
<arg>${opção}</arg>
<doc>Runs the given keyword with the given arguments, if ``condition`` is true.</doc>
<kw name="Preenche Text" library="Config">
<arg>${pageObject}</arg>
<arg>${opção}</arg>
<kw name="Sleep" library="BuiltIn">
<arg>1</arg>
<doc>Pauses the test executed for the given time.</doc>
<msg timestamp="20210712 18:40:14.541" level="INFO">Slept 1 second</msg>
<status status="PASS" starttime="20210712 18:40:13.529" endtime="20210712 18:40:14.541"/>
</kw>
<kw name="Wait Until Element Is Visible" library="SeleniumLibrary">
<arg>${input}</arg>
<arg>60</arg>
<doc>Waits until the element ``locator`` is visible.</doc>
<status status="PASS" starttime="20210712 18:40:14.541" endtime="20210712 18:40:14.555"/>
</kw>
<kw name="Input Text" library="SeleniumLibrary">
<arg>${input}</arg>
<arg>${Text}</arg>
<doc>Types the given ``text`` into the text field identified by ``locator``.</doc>
<msg timestamp="20210712 18:40:14.556" level="INFO">Typing text '5000' into text field 'xpath=//input[@id='annualmileage']'.</msg>
<status status="PASS" starttime="20210712 18:40:14.555" endtime="20210712 18:40:14.635"/>
</kw>
<status status="PASS" starttime="20210712 18:40:13.529" endtime="20210712 18:40:14.635"/>
</kw>
<status status="PASS" starttime="20210712 18:40:13.528" endtime="20210712 18:40:14.635"/>
</kw>
<status status="PASS" starttime="20210712 18:40:13.508" endtime="20210712 18:40:14.635"/>
</kw>
<status status="PASS" starttime="20210712 18:34:03.889" endtime="20210712 18:40:14.636"/>
</kw>
<kw name="Então dou click em Next e valido que preencheu a primeira tela e mudou de tela com sucesso" library="DesafioTricentisSteps">
<kw name="Click No Item" library="Config">
<arg>${NextBtn}</arg>
<kw name="Sleep" library="BuiltIn">
<arg>1</arg>
<doc>Pauses the test executed for the given time.</doc>
<msg timestamp="20210712 18:40:15.638" level="INFO">Slept 1 second</msg>
<status status="PASS" starttime="20210712 18:40:14.637" endtime="20210712 18:40:15.638"/>
</kw>
<kw name="Wait Until Element Is Visible" library="SeleniumLibrary">
<arg>${item}</arg>
<arg>60</arg>
<doc>Waits until the element ``locator`` is visible.</doc>
<status status="PASS" starttime="20210712 18:40:15.638" endtime="20210712 18:40:15.658"/>
</kw>
<kw name="Click Element" library="SeleniumLibrary">
<arg>${item}</arg>
<doc>Click the element identified by ``locator``.</doc>
<msg timestamp="20210712 18:40:15.659" level="INFO">Clicking element 'xpath=//button[@id='nextenterinsurantdata']'.</msg>
<status status="PASS" starttime="20210712 18:40:15.658" endtime="20210712 18:40:15.730"/>
</kw>
<status status="PASS" starttime="20210712 18:40:14.637" endtime="20210712 18:40:15.730"/>
</kw>
<kw name="Sleep" library="BuiltIn">
<arg>3</arg>
<doc>Pauses the test executed for the given time.</doc>
<msg timestamp="20210712 18:40:18.738" level="INFO">Slept 3 seconds</msg>
<status status="PASS" starttime="20210712 18:40:15.730" endtime="20210712 18:40:18.738"/>
</kw>
<kw name="Wait Until Element Is Visible" library="SeleniumLibrary">
<arg>${ValidarItemNaTela}</arg>
<arg>120</arg>
<doc>Waits until the element ``locator`` is visible.</doc>
<status status="PASS" starttime="20210712 18:40:18.738" endtime="20210712 18:40:18.759"/>
</kw>
<status status="PASS" starttime="20210712 18:40:14.636" endtime="20210712 18:40:18.759"/>
</kw>
<kw name="Fechar navegador" library="Config" type="TEARDOWN">
<kw name="Capture Page Screenshot" library="SeleniumLibrary">
<doc>Takes a screenshot of the current page and embeds it into a log file.</doc>
<msg timestamp="20210712 18:40:18.928" level="INFO" html="true">&lt;/td&gt;&lt;/tr&gt;&lt;tr&gt;&lt;td colspan="3"&gt;&lt;a href="selenium-screenshot-49.png"&gt;&lt;img src="selenium-screenshot-49.png" width="800px"&gt;&lt;/a&gt;</msg>
<status status="PASS" starttime="20210712 18:40:18.760" endtime="20210712 18:40:18.928"/>
</kw>
<kw name="Close Browser" library="SeleniumLibrary">
<doc>Closes the current browser.</doc>
<status status="PASS" starttime="20210712 18:40:18.929" endtime="20210712 18:40:21.118"/>
</kw>
<status status="PASS" starttime="20210712 18:40:18.760" endtime="20210712 18:40:21.118"/>
</kw>
<kw name="Stop Recording Test" library="AutoRecorder">
<arg>CT01:Preencher Primeira Tela</arg>
<doc>There is no need to execute this keyword manually.
Basically - alias for https://mihaiparvu.github.io/ScreenCapLibrary/ScreenCapLibrary.html#Stop%20Video%20Recording</doc>
<msg timestamp="20210712 18:40:21.169" level="INFO" html="true">&lt;a href="recording_5.webm"&gt;&lt;video width="800px" autoplay&gt;&lt;source src="recording_5.webm" type="video/webm"&gt;&lt;/video&gt;&lt;/a&gt;</msg>
<status status="PASS" starttime="20210712 18:40:21.119" endtime="20210712 18:40:21.169"/>
</kw>
<status status="PASS" starttime="20210712 18:33:54.278" endtime="20210712 18:40:21.119"/>
</test>
<status status="PASS" starttime="20210712 18:33:53.924" endtime="20210712 18:40:21.171"/>
</suite>
<statistics>
<total>
<stat pass="1" fail="0" skip="0">All Tests</stat>
</total>
<tag>
</tag>
<suite>
<stat pass="1" fail="0" skip="0" id="s1" name="TestDesafioTricentis">TestDesafioTricentis</stat>
</suite>
</statistics>
<errors>
</errors>
</robot>
