<?xml version="1.0" encoding="UTF-8"?>
<robot generator="Robot 4.0.3 (Python 3.9.4 on win32)" generated="20210712 18:01:57.275" rpa="false" schemaversion="2">
<suite id="s1" name="TestDesafioTricentis" source="C:\Users\MRN Informatica\Desktop\TestRobotFramework\1-Tests\TestDesafioTricentis.robot">
<test id="s1-t1" name="CT01:Preencher Primeira Tela">
<kw name="Abrir navegador" library="Config" type="SETUP">
<kw name="Open Browser" library="SeleniumLibrary">
<arg>${URL}</arg>
<arg>${BROWSER}</arg>
<doc>Opens a new browser instance to the optional ``url``.</doc>
<msg timestamp="20210712 18:01:59.900" level="INFO">Opening browser 'chrome' to base url 'http://sampleapp.tricentis.com/101/app.php'.</msg>
<status status="PASS" starttime="20210712 18:01:59.899" endtime="20210712 18:02:03.980"/>
</kw>
<kw name="Maximize Browser Window" library="SeleniumLibrary">
<doc>Maximizes current browser window.</doc>
<status status="PASS" starttime="20210712 18:02:03.981" endtime="20210712 18:02:04.107"/>
</kw>
<kw name="Capture Page Screenshot" library="SeleniumLibrary">
<doc>Takes a screenshot of the current page and embeds it into a log file.</doc>
<msg timestamp="20210712 18:02:04.462" level="INFO" html="true">&lt;/td&gt;&lt;/tr&gt;&lt;tr&gt;&lt;td colspan="3"&gt;&lt;a href="selenium-screenshot-24.png"&gt;&lt;img src="selenium-screenshot-24.png" width="800px"&gt;&lt;/a&gt;</msg>
<status status="PASS" starttime="20210712 18:02:04.107" endtime="20210712 18:02:04.462"/>
</kw>
<status status="PASS" starttime="20210712 18:01:59.899" endtime="20210712 18:02:04.463"/>
</kw>
<kw name="Dado que acessei o site Tricents" library="DesafioTricentisSteps">
<kw name="Sleep" library="BuiltIn">
<arg>3</arg>
<doc>Pauses the test executed for the given time.</doc>
<msg timestamp="20210712 18:02:07.464" level="INFO">Slept 3 seconds</msg>
<status status="PASS" starttime="20210712 18:02:04.464" endtime="20210712 18:02:07.464"/>
</kw>
<kw name="Wait Until Element Is Visible" library="SeleniumLibrary">
<arg>${ValidaTelaInicial}</arg>
<doc>Waits until the element ``locator`` is visible.</doc>
<status status="PASS" starttime="20210712 18:02:07.464" endtime="20210712 18:02:07.494"/>
</kw>
<status status="PASS" starttime="20210712 18:02:04.463" endtime="20210712 18:02:07.494"/>
</kw>
<kw name="Quando preencho as informações diponiveis na tela &quot;Honda&quot;, &quot;Motorcycle&quot;, &quot;1000&quot;, &quot;142&quot;, &quot;07/10/2000&quot;, &quot;2&quot;, &quot;No&quot;, &quot;Gas&quot;, &quot;175&quot;, &quot;190&quot;, &quot;62000&quot;, &quot;FSI 3013&quot; e &quot;5000&quot;" library="DesafioTricentisSteps" sourcename="Quando preencho as informações diponiveis na tela &quot;${make}&quot;, &quot;${model}&quot;, &quot;${cylinder}&quot;, &quot;${kws}&quot;, &quot;${date}&quot;, &quot;${number}&quot;, &quot;${boolean}&quot;, &quot;${fuel}&quot;, &quot;${payload}&quot;, &quot;${weight}&quot;, &quot;${price}&quot;, &quot;${plate}&quot; e &quot;${mileage}&quot;">
<kw name="Verifica Se ComboBox Esta Na Tela" library="Config">
<arg>${MakeComboBx}</arg>
<arg>${make}</arg>
<kw name="Run Keyword And Return Status" library="BuiltIn">
<var>${Status}</var>
<arg>Olha se Existe</arg>
<arg>${pageObject}</arg>
<doc>Runs the given keyword with given arguments and returns the status as a Boolean value.</doc>
<kw name="Olha se Existe" library="Config">
<arg>${pageObject}</arg>
<kw name="Wait Until Element Is Visible" library="SeleniumLibrary">
<arg>${element}</arg>
<arg>60</arg>
<doc>Waits until the element ``locator`` is visible.</doc>
<status status="PASS" starttime="20210712 18:02:07.496" endtime="20210712 18:02:07.527"/>
</kw>
<status status="PASS" starttime="20210712 18:02:07.496" endtime="20210712 18:02:07.527"/>
</kw>
<msg timestamp="20210712 18:02:07.527" level="INFO">${Status} = True</msg>
<status status="PASS" starttime="20210712 18:02:07.496" endtime="20210712 18:02:07.528"/>
</kw>
<kw name="Log" library="BuiltIn">
<arg>${Status}</arg>
<doc>Logs the given message with the given level.</doc>
<msg timestamp="20210712 18:02:07.528" level="INFO">True</msg>
<status status="PASS" starttime="20210712 18:02:07.528" endtime="20210712 18:02:07.528"/>
</kw>
<if>
<branch type="IF" condition="'${Status}' == 'True'">
<kw name="Seleciona Item Combo Box" library="Config">
<arg>${pageObject}</arg>
<arg>${opção}</arg>
<kw name="Sleep" library="BuiltIn">
<arg>3</arg>
<doc>Pauses the test executed for the given time.</doc>
<msg timestamp="20210712 18:02:10.545" level="INFO">Slept 3 seconds</msg>
<status status="PASS" starttime="20210712 18:02:07.529" endtime="20210712 18:02:10.545"/>
</kw>
<kw name="Wait Until Element Is Visible" library="SeleniumLibrary">
<arg>${combobox}</arg>
<arg>120</arg>
<doc>Waits until the element ``locator`` is visible.</doc>
<status status="PASS" starttime="20210712 18:02:10.545" endtime="20210712 18:02:10.560"/>
</kw>
<kw name="Click Element" library="SeleniumLibrary">
<arg>${combobox}</arg>
<doc>Click the element identified by ``locator``.</doc>
<msg timestamp="20210712 18:02:10.560" level="INFO">Clicking element 'xpath=//select[@id='make']'.</msg>
<status status="PASS" starttime="20210712 18:02:10.560" endtime="20210712 18:02:10.652"/>
</kw>
<kw name="Set Variable" library="BuiltIn">
<var>${Item}</var>
<arg>${combobox}//option[@value='${itemcombobox}']</arg>
<doc>Returns the given values which can then be assigned to a variables.</doc>
<msg timestamp="20210712 18:02:10.653" level="INFO">${Item} = xpath=//select[@id='make']//option[@value='Honda']</msg>
<status status="PASS" starttime="20210712 18:02:10.653" endtime="20210712 18:02:10.653"/>
</kw>
<kw name="Wait Until Element Is Visible" library="SeleniumLibrary">
<arg>${Item}</arg>
<arg>120</arg>
<doc>Waits until the element ``locator`` is visible.</doc>
<status status="PASS" starttime="20210712 18:02:10.653" endtime="20210712 18:02:10.679"/>
</kw>
<kw name="Click Element" library="SeleniumLibrary">
<arg>${Item}</arg>
<doc>Click the element identified by ``locator``.</doc>
<msg timestamp="20210712 18:02:10.680" level="INFO">Clicking element 'xpath=//select[@id='make']//option[@value='Honda']'.</msg>
<status status="PASS" starttime="20210712 18:02:10.679" endtime="20210712 18:02:10.714"/>
</kw>
<status status="PASS" starttime="20210712 18:02:07.528" endtime="20210712 18:02:10.714"/>
</kw>
<status status="PASS" starttime="20210712 18:02:07.528" endtime="20210712 18:02:10.714"/>
</branch>
<status status="PASS" starttime="20210712 18:02:07.528" endtime="20210712 18:02:10.714"/>
</if>
<status status="PASS" starttime="20210712 18:02:07.495" endtime="20210712 18:02:10.714"/>
</kw>
<kw name="Verifica Se ComboBox Esta Na Tela" library="Config">
<arg>${ModelComboBx}</arg>
<arg>${model}</arg>
<kw name="Run Keyword And Return Status" library="BuiltIn">
<var>${Status}</var>
<arg>Olha se Existe</arg>
<arg>${pageObject}</arg>
<doc>Runs the given keyword with given arguments and returns the status as a Boolean value.</doc>
<kw name="Olha se Existe" library="Config">
<arg>${pageObject}</arg>
<kw name="Wait Until Element Is Visible" library="SeleniumLibrary">
<arg>${element}</arg>
<arg>60</arg>
<doc>Waits until the element ``locator`` is visible.</doc>
<status status="PASS" starttime="20210712 18:02:10.716" endtime="20210712 18:02:10.736"/>
</kw>
<status status="PASS" starttime="20210712 18:02:10.715" endtime="20210712 18:02:10.736"/>
</kw>
<msg timestamp="20210712 18:02:10.736" level="INFO">${Status} = True</msg>
<status status="PASS" starttime="20210712 18:02:10.715" endtime="20210712 18:02:10.736"/>
</kw>
<kw name="Log" library="BuiltIn">
<arg>${Status}</arg>
<doc>Logs the given message with the given level.</doc>
<msg timestamp="20210712 18:02:10.736" level="INFO">True</msg>
<status status="PASS" starttime="20210712 18:02:10.736" endtime="20210712 18:02:10.736"/>
</kw>
<if>
<branch type="IF" condition="'${Status}' == 'True'">
<kw name="Seleciona Item Combo Box" library="Config">
<arg>${pageObject}</arg>
<arg>${opção}</arg>
<kw name="Sleep" library="BuiltIn">
<arg>3</arg>
<doc>Pauses the test executed for the given time.</doc>
<msg timestamp="20210712 18:02:13.745" level="INFO">Slept 3 seconds</msg>
<status status="PASS" starttime="20210712 18:02:10.737" endtime="20210712 18:02:13.745"/>
</kw>
<kw name="Wait Until Element Is Visible" library="SeleniumLibrary">
<arg>${combobox}</arg>
<arg>120</arg>
<doc>Waits until the element ``locator`` is visible.</doc>
<status status="PASS" starttime="20210712 18:02:13.745" endtime="20210712 18:02:13.765"/>
</kw>
<kw name="Click Element" library="SeleniumLibrary">
<arg>${combobox}</arg>
<doc>Click the element identified by ``locator``.</doc>
<msg timestamp="20210712 18:02:13.765" level="INFO">Clicking element 'xpath=//select[@id='model']'.</msg>
<status status="PASS" starttime="20210712 18:02:13.765" endtime="20210712 18:02:13.836"/>
</kw>
<kw name="Set Variable" library="BuiltIn">
<var>${Item}</var>
<arg>${combobox}//option[@value='${itemcombobox}']</arg>
<doc>Returns the given values which can then be assigned to a variables.</doc>
<msg timestamp="20210712 18:02:13.837" level="INFO">${Item} = xpath=//select[@id='model']//option[@value='Motorcycle']</msg>
<status status="PASS" starttime="20210712 18:02:13.836" endtime="20210712 18:02:13.837"/>
</kw>
<kw name="Wait Until Element Is Visible" library="SeleniumLibrary">
<arg>${Item}</arg>
<arg>120</arg>
<doc>Waits until the element ``locator`` is visible.</doc>
<status status="PASS" starttime="20210712 18:02:13.837" endtime="20210712 18:02:13.856"/>
</kw>
<kw name="Click Element" library="SeleniumLibrary">
<arg>${Item}</arg>
<doc>Click the element identified by ``locator``.</doc>
<msg timestamp="20210712 18:02:13.856" level="INFO">Clicking element 'xpath=//select[@id='model']//option[@value='Motorcycle']'.</msg>
<status status="PASS" starttime="20210712 18:02:13.856" endtime="20210712 18:02:13.892"/>
</kw>
<status status="PASS" starttime="20210712 18:02:10.737" endtime="20210712 18:02:13.892"/>
</kw>
<status status="PASS" starttime="20210712 18:02:10.737" endtime="20210712 18:02:13.892"/>
</branch>
<status status="PASS" starttime="20210712 18:02:10.737" endtime="20210712 18:02:13.892"/>
</if>
<status status="PASS" starttime="20210712 18:02:10.714" endtime="20210712 18:02:13.892"/>
</kw>
<kw name="Verifica Se Input Esta Na Tela" library="Config">
<arg>${CylinderInput}</arg>
<arg>${cylinder}</arg>
<kw name="Run Keyword And Return Status" library="BuiltIn">
<var>${Status}</var>
<arg>Olha se Existe</arg>
<arg>${pageObject}</arg>
<doc>Runs the given keyword with given arguments and returns the status as a Boolean value.</doc>
<kw name="Olha se Existe" library="Config">
<arg>${pageObject}</arg>
<kw name="Wait Until Element Is Visible" library="SeleniumLibrary">
<arg>${element}</arg>
<arg>60</arg>
<doc>Waits until the element ``locator`` is visible.</doc>
<status status="PASS" starttime="20210712 18:02:13.893" endtime="20210712 18:02:13.910"/>
</kw>
<status status="PASS" starttime="20210712 18:02:13.893" endtime="20210712 18:02:13.911"/>
</kw>
<msg timestamp="20210712 18:02:13.911" level="INFO">${Status} = True</msg>
<status status="PASS" starttime="20210712 18:02:13.893" endtime="20210712 18:02:13.911"/>
</kw>
<kw name="Log" library="BuiltIn">
<arg>${Status}</arg>
<doc>Logs the given message with the given level.</doc>
<msg timestamp="20210712 18:02:13.911" level="INFO">True</msg>
<status status="PASS" starttime="20210712 18:02:13.911" endtime="20210712 18:02:13.911"/>
</kw>
<if>
<branch type="IF" condition="'${Status}' == 'True'">
<kw name="Preenche Text" library="Config">
<arg>${pageObject}</arg>
<arg>${opção}</arg>
<kw name="Sleep" library="BuiltIn">
<arg>3</arg>
<doc>Pauses the test executed for the given time.</doc>
<msg timestamp="20210712 18:02:16.922" level="INFO">Slept 3 seconds</msg>
<status status="PASS" starttime="20210712 18:02:13.912" endtime="20210712 18:02:16.922"/>
</kw>
<kw name="Wait Until Element Is Visible" library="SeleniumLibrary">
<arg>${input}</arg>
<arg>120</arg>
<doc>Waits until the element ``locator`` is visible.</doc>
<status status="PASS" starttime="20210712 18:02:16.922" endtime="20210712 18:02:16.939"/>
</kw>
<kw name="Input Text" library="SeleniumLibrary">
<arg>${input}</arg>
<arg>${Text}</arg>
<doc>Types the given ``text`` into the text field identified by ``locator``.</doc>
<msg timestamp="20210712 18:02:16.940" level="INFO">Typing text '1000' into text field 'xpath=//input[@id='cylindercapacity']'.</msg>
<status status="PASS" starttime="20210712 18:02:16.940" endtime="20210712 18:02:17.067"/>
</kw>
<status status="PASS" starttime="20210712 18:02:13.912" endtime="20210712 18:02:17.067"/>
</kw>
<status status="PASS" starttime="20210712 18:02:13.912" endtime="20210712 18:02:17.068"/>
</branch>
<status status="PASS" starttime="20210712 18:02:13.911" endtime="20210712 18:02:17.068"/>
</if>
<status status="PASS" starttime="20210712 18:02:13.892" endtime="20210712 18:02:17.068"/>
</kw>
<kw name="Verifica Se Input Esta Na Tela" library="Config">
<arg>${EnginerInput}</arg>
<arg>${kws}</arg>
<kw name="Run Keyword And Return Status" library="BuiltIn">
<var>${Status}</var>
<arg>Olha se Existe</arg>
<arg>${pageObject}</arg>
<doc>Runs the given keyword with given arguments and returns the status as a Boolean value.</doc>
<kw name="Olha se Existe" library="Config">
<arg>${pageObject}</arg>
<kw name="Wait Until Element Is Visible" library="SeleniumLibrary">
<arg>${element}</arg>
<arg>60</arg>
<doc>Waits until the element ``locator`` is visible.</doc>
<status status="PASS" starttime="20210712 18:02:17.070" endtime="20210712 18:02:17.092"/>
</kw>
<status status="PASS" starttime="20210712 18:02:17.069" endtime="20210712 18:02:17.092"/>
</kw>
<msg timestamp="20210712 18:02:17.092" level="INFO">${Status} = True</msg>
<status status="PASS" starttime="20210712 18:02:17.069" endtime="20210712 18:02:17.092"/>
</kw>
<kw name="Log" library="BuiltIn">
<arg>${Status}</arg>
<doc>Logs the given message with the given level.</doc>
<msg timestamp="20210712 18:02:17.092" level="INFO">True</msg>
<status status="PASS" starttime="20210712 18:02:17.092" endtime="20210712 18:02:17.092"/>
</kw>
<if>
<branch type="IF" condition="'${Status}' == 'True'">
<kw name="Preenche Text" library="Config">
<arg>${pageObject}</arg>
<arg>${opção}</arg>
<kw name="Sleep" library="BuiltIn">
<arg>3</arg>
<doc>Pauses the test executed for the given time.</doc>
<msg timestamp="20210712 18:02:20.097" level="INFO">Slept 3 seconds</msg>
<status status="PASS" starttime="20210712 18:02:17.093" endtime="20210712 18:02:20.097"/>
</kw>
<kw name="Wait Until Element Is Visible" library="SeleniumLibrary">
<arg>${input}</arg>
<arg>120</arg>
<doc>Waits until the element ``locator`` is visible.</doc>
<status status="PASS" starttime="20210712 18:02:20.097" endtime="20210712 18:02:20.117"/>
</kw>
<kw name="Input Text" library="SeleniumLibrary">
<arg>${input}</arg>
<arg>${Text}</arg>
<doc>Types the given ``text`` into the text field identified by ``locator``.</doc>
<msg timestamp="20210712 18:02:20.117" level="INFO">Typing text '142' into text field 'xpath=//input[@id='engineperformance']'.</msg>
<status status="PASS" starttime="20210712 18:02:20.117" endtime="20210712 18:02:20.203"/>
</kw>
<status status="PASS" starttime="20210712 18:02:17.093" endtime="20210712 18:02:20.203"/>
</kw>
<status status="PASS" starttime="20210712 18:02:17.092" endtime="20210712 18:02:20.203"/>
</branch>
<status status="PASS" starttime="20210712 18:02:17.092" endtime="20210712 18:02:20.203"/>
</if>
<status status="PASS" starttime="20210712 18:02:17.068" endtime="20210712 18:02:20.203"/>
</kw>
<kw name="Verifica Se Input Esta Na Tela" library="Config">
<arg>${DataManufactureInput}</arg>
<arg>${date}</arg>
<kw name="Run Keyword And Return Status" library="BuiltIn">
<var>${Status}</var>
<arg>Olha se Existe</arg>
<arg>${pageObject}</arg>
<doc>Runs the given keyword with given arguments and returns the status as a Boolean value.</doc>
<kw name="Olha se Existe" library="Config">
<arg>${pageObject}</arg>
<kw name="Wait Until Element Is Visible" library="SeleniumLibrary">
<arg>${element}</arg>
<arg>60</arg>
<doc>Waits until the element ``locator`` is visible.</doc>
<status status="PASS" starttime="20210712 18:02:20.204" endtime="20210712 18:02:20.225"/>
</kw>
<status status="PASS" starttime="20210712 18:02:20.204" endtime="20210712 18:02:20.225"/>
</kw>
<msg timestamp="20210712 18:02:20.225" level="INFO">${Status} = True</msg>
<status status="PASS" starttime="20210712 18:02:20.204" endtime="20210712 18:02:20.225"/>
</kw>
<kw name="Log" library="BuiltIn">
<arg>${Status}</arg>
<doc>Logs the given message with the given level.</doc>
<msg timestamp="20210712 18:02:20.226" level="INFO">True</msg>
<status status="PASS" starttime="20210712 18:02:20.226" endtime="20210712 18:02:20.226"/>
</kw>
<if>
<branch type="IF" condition="'${Status}' == 'True'">
<kw name="Preenche Text" library="Config">
<arg>${pageObject}</arg>
<arg>${opção}</arg>
<kw name="Sleep" library="BuiltIn">
<arg>3</arg>
<doc>Pauses the test executed for the given time.</doc>
<msg timestamp="20210712 18:02:23.231" level="INFO">Slept 3 seconds</msg>
<status status="PASS" starttime="20210712 18:02:20.227" endtime="20210712 18:02:23.232"/>
</kw>
<kw name="Wait Until Element Is Visible" library="SeleniumLibrary">
<arg>${input}</arg>
<arg>120</arg>
<doc>Waits until the element ``locator`` is visible.</doc>
<status status="PASS" starttime="20210712 18:02:23.232" endtime="20210712 18:02:23.256"/>
</kw>
<kw name="Input Text" library="SeleniumLibrary">
<arg>${input}</arg>
<arg>${Text}</arg>
<doc>Types the given ``text`` into the text field identified by ``locator``.</doc>
<msg timestamp="20210712 18:02:23.256" level="INFO">Typing text '07/10/2000' into text field 'xpath=//input[@id='dateofmanufacture']'.</msg>
<status status="PASS" starttime="20210712 18:02:23.256" endtime="20210712 18:02:23.421"/>
</kw>
<status status="PASS" starttime="20210712 18:02:20.226" endtime="20210712 18:02:23.422"/>
</kw>
<status status="PASS" starttime="20210712 18:02:20.226" endtime="20210712 18:02:23.422"/>
</branch>
<status status="PASS" starttime="20210712 18:02:20.226" endtime="20210712 18:02:23.422"/>
</if>
<status status="PASS" starttime="20210712 18:02:20.203" endtime="20210712 18:02:23.422"/>
</kw>
<kw name="Verifica Se ComboBox Esta Na Tela" library="Config">
<arg>${NumSeats1ComboBx}</arg>
<arg>${number}</arg>
<kw name="Run Keyword And Return Status" library="BuiltIn">
<var>${Status}</var>
<arg>Olha se Existe</arg>
<arg>${pageObject}</arg>
<doc>Runs the given keyword with given arguments and returns the status as a Boolean value.</doc>
<kw name="Olha se Existe" library="Config">
<arg>${pageObject}</arg>
<kw name="Wait Until Element Is Visible" library="SeleniumLibrary">
<arg>${element}</arg>
<arg>60</arg>
<doc>Waits until the element ``locator`` is visible.</doc>
<status status="PASS" starttime="20210712 18:02:23.424" endtime="20210712 18:02:23.451"/>
</kw>
<status status="PASS" starttime="20210712 18:02:23.424" endtime="20210712 18:02:23.451"/>
</kw>
<msg timestamp="20210712 18:02:23.451" level="INFO">${Status} = True</msg>
<status status="PASS" starttime="20210712 18:02:23.423" endtime="20210712 18:02:23.451"/>
</kw>
<kw name="Log" library="BuiltIn">
<arg>${Status}</arg>
<doc>Logs the given message with the given level.</doc>
<msg timestamp="20210712 18:02:23.452" level="INFO">True</msg>
<status status="PASS" starttime="20210712 18:02:23.451" endtime="20210712 18:02:23.452"/>
</kw>
<if>
<branch type="IF" condition="'${Status}' == 'True'">
<kw name="Seleciona Item Combo Box" library="Config">
<arg>${pageObject}</arg>
<arg>${opção}</arg>
<kw name="Sleep" library="BuiltIn">
<arg>3</arg>
<doc>Pauses the test executed for the given time.</doc>
<msg timestamp="20210712 18:02:26.461" level="INFO">Slept 3 seconds</msg>
<status status="PASS" starttime="20210712 18:02:23.452" endtime="20210712 18:02:26.461"/>
</kw>
<kw name="Wait Until Element Is Visible" library="SeleniumLibrary">
<arg>${combobox}</arg>
<arg>120</arg>
<doc>Waits until the element ``locator`` is visible.</doc>
<status status="PASS" starttime="20210712 18:02:26.461" endtime="20210712 18:02:26.482"/>
</kw>
<kw name="Click Element" library="SeleniumLibrary">
<arg>${combobox}</arg>
<doc>Click the element identified by ``locator``.</doc>
<msg timestamp="20210712 18:02:26.483" level="INFO">Clicking element 'xpath=//select[@id='numberofseats']'.</msg>
<status status="PASS" starttime="20210712 18:02:26.482" endtime="20210712 18:02:26.548"/>
</kw>
<kw name="Set Variable" library="BuiltIn">
<var>${Item}</var>
<arg>${combobox}//option[@value='${itemcombobox}']</arg>
<doc>Returns the given values which can then be assigned to a variables.</doc>
<msg timestamp="20210712 18:02:26.549" level="INFO">${Item} = xpath=//select[@id='numberofseats']//option[@value='2']</msg>
<status status="PASS" starttime="20210712 18:02:26.548" endtime="20210712 18:02:26.549"/>
</kw>
<kw name="Wait Until Element Is Visible" library="SeleniumLibrary">
<arg>${Item}</arg>
<arg>120</arg>
<doc>Waits until the element ``locator`` is visible.</doc>
<status status="PASS" starttime="20210712 18:02:26.549" endtime="20210712 18:02:26.569"/>
</kw>
<kw name="Click Element" library="SeleniumLibrary">
<arg>${Item}</arg>
<doc>Click the element identified by ``locator``.</doc>
<msg timestamp="20210712 18:02:26.569" level="INFO">Clicking element 'xpath=//select[@id='numberofseats']//option[@value='2']'.</msg>
<status status="PASS" starttime="20210712 18:02:26.569" endtime="20210712 18:02:26.600"/>
</kw>
<status status="PASS" starttime="20210712 18:02:23.452" endtime="20210712 18:02:26.601"/>
</kw>
<status status="PASS" starttime="20210712 18:02:23.452" endtime="20210712 18:02:26.601"/>
</branch>
<status status="PASS" starttime="20210712 18:02:23.452" endtime="20210712 18:02:26.601"/>
</if>
<status status="PASS" starttime="20210712 18:02:23.422" endtime="20210712 18:02:26.601"/>
</kw>
<kw name="Click No Item" library="Config">
<arg>${RightDriverRadioFix}</arg>
<kw name="Sleep" library="BuiltIn">
<arg>3</arg>
<doc>Pauses the test executed for the given time.</doc>
<msg timestamp="20210712 18:02:29.608" level="INFO">Slept 3 seconds</msg>
<status status="PASS" starttime="20210712 18:02:26.602" endtime="20210712 18:02:29.608"/>
</kw>
<kw name="Wait Until Element Is Visible" library="SeleniumLibrary">
<arg>${item}</arg>
<arg>120</arg>
<doc>Waits until the element ``locator`` is visible.</doc>
<status status="PASS" starttime="20210712 18:02:29.608" endtime="20210712 18:02:29.635"/>
</kw>
<kw name="Click Element" library="SeleniumLibrary">
<arg>${item}</arg>
<doc>Click the element identified by ``locator``.</doc>
<msg timestamp="20210712 18:02:29.637" level="INFO">Clicking element 'xpath=//form[@id="insurance-form"]/div/section[1]/div[7]/p/label[2]/span'.</msg>
<status status="PASS" starttime="20210712 18:02:29.637" endtime="20210712 18:02:29.690"/>
</kw>
<status status="PASS" starttime="20210712 18:02:26.601" endtime="20210712 18:02:29.691"/>
</kw>
<kw name="Verifica Se ComboBox Esta Na Tela" library="Config">
<arg>${NumSeats2ComboBx}</arg>
<arg>${number}</arg>
<kw name="Run Keyword And Return Status" library="BuiltIn">
<var>${Status}</var>
<arg>Olha se Existe</arg>
<arg>${pageObject}</arg>
<doc>Runs the given keyword with given arguments and returns the status as a Boolean value.</doc>
<kw name="Olha se Existe" library="Config">
<arg>${pageObject}</arg>
<kw name="Wait Until Element Is Visible" library="SeleniumLibrary">
<arg>${element}</arg>
<arg>60</arg>
<doc>Waits until the element ``locator`` is visible.</doc>
<status status="PASS" starttime="20210712 18:02:29.691" endtime="20210712 18:02:29.710"/>
</kw>
<status status="PASS" starttime="20210712 18:02:29.691" endtime="20210712 18:02:29.710"/>
</kw>
<msg timestamp="20210712 18:02:29.710" level="INFO">${Status} = True</msg>
<status status="PASS" starttime="20210712 18:02:29.691" endtime="20210712 18:02:29.710"/>
</kw>
<kw name="Log" library="BuiltIn">
<arg>${Status}</arg>
<doc>Logs the given message with the given level.</doc>
<msg timestamp="20210712 18:02:29.711" level="INFO">True</msg>
<status status="PASS" starttime="20210712 18:02:29.710" endtime="20210712 18:02:29.711"/>
</kw>
<if>
<branch type="IF" condition="'${Status}' == 'True'">
<kw name="Seleciona Item Combo Box" library="Config">
<arg>${pageObject}</arg>
<arg>${opção}</arg>
<kw name="Sleep" library="BuiltIn">
<arg>3</arg>
<doc>Pauses the test executed for the given time.</doc>
<msg timestamp="20210712 18:02:32.713" level="INFO">Slept 3 seconds</msg>
<status status="PASS" starttime="20210712 18:02:29.713" endtime="20210712 18:02:32.713"/>
</kw>
<kw name="Wait Until Element Is Visible" library="SeleniumLibrary">
<arg>${combobox}</arg>
<arg>120</arg>
<doc>Waits until the element ``locator`` is visible.</doc>
<status status="PASS" starttime="20210712 18:02:32.713" endtime="20210712 18:02:32.733"/>
</kw>
<kw name="Click Element" library="SeleniumLibrary">
<arg>${combobox}</arg>
<doc>Click the element identified by ``locator``.</doc>
<msg timestamp="20210712 18:02:32.734" level="INFO">Clicking element 'xpath=//select[@id='numberofseatsmotorcycle']'.</msg>
<status status="PASS" starttime="20210712 18:02:32.733" endtime="20210712 18:02:32.796"/>
</kw>
<kw name="Set Variable" library="BuiltIn">
<var>${Item}</var>
<arg>${combobox}//option[@value='${itemcombobox}']</arg>
<doc>Returns the given values which can then be assigned to a variables.</doc>
<msg timestamp="20210712 18:02:32.797" level="INFO">${Item} = xpath=//select[@id='numberofseatsmotorcycle']//option[@value='2']</msg>
<status status="PASS" starttime="20210712 18:02:32.796" endtime="20210712 18:02:32.797"/>
</kw>
<kw name="Wait Until Element Is Visible" library="SeleniumLibrary">
<arg>${Item}</arg>
<arg>120</arg>
<doc>Waits until the element ``locator`` is visible.</doc>
<status status="PASS" starttime="20210712 18:02:32.797" endtime="20210712 18:02:32.821"/>
</kw>
<kw name="Click Element" library="SeleniumLibrary">
<arg>${Item}</arg>
<doc>Click the element identified by ``locator``.</doc>
<msg timestamp="20210712 18:02:32.822" level="INFO">Clicking element 'xpath=//select[@id='numberofseatsmotorcycle']//option[@value='2']'.</msg>
<status status="PASS" starttime="20210712 18:02:32.822" endtime="20210712 18:02:32.859"/>
</kw>
<status status="PASS" starttime="20210712 18:02:29.711" endtime="20210712 18:02:32.859"/>
</kw>
<status status="PASS" starttime="20210712 18:02:29.711" endtime="20210712 18:02:32.859"/>
</branch>
<status status="PASS" starttime="20210712 18:02:29.711" endtime="20210712 18:02:32.859"/>
</if>
<status status="PASS" starttime="20210712 18:02:29.691" endtime="20210712 18:02:32.859"/>
</kw>
<kw name="Verifica Se ComboBox Esta Na Tela" library="Config">
<arg>${FuelTypeComboBx}</arg>
<arg>${fuel}</arg>
<kw name="Run Keyword And Return Status" library="BuiltIn">
<var>${Status}</var>
<arg>Olha se Existe</arg>
<arg>${pageObject}</arg>
<doc>Runs the given keyword with given arguments and returns the status as a Boolean value.</doc>
<kw name="Olha se Existe" library="Config">
<arg>${pageObject}</arg>
<kw name="Wait Until Element Is Visible" library="SeleniumLibrary">
<arg>${element}</arg>
<arg>60</arg>
<doc>Waits until the element ``locator`` is visible.</doc>
<status status="PASS" starttime="20210712 18:02:32.861" endtime="20210712 18:02:32.882"/>
</kw>
<status status="PASS" starttime="20210712 18:02:32.860" endtime="20210712 18:02:32.882"/>
</kw>
<msg timestamp="20210712 18:02:32.882" level="INFO">${Status} = True</msg>
<status status="PASS" starttime="20210712 18:02:32.860" endtime="20210712 18:02:32.882"/>
</kw>
<kw name="Log" library="BuiltIn">
<arg>${Status}</arg>
<doc>Logs the given message with the given level.</doc>
<msg timestamp="20210712 18:02:32.883" level="INFO">True</msg>
<status status="PASS" starttime="20210712 18:02:32.883" endtime="20210712 18:02:32.883"/>
</kw>
<if>
<branch type="IF" condition="'${Status}' == 'True'">
<kw name="Seleciona Item Combo Box" library="Config">
<arg>${pageObject}</arg>
<arg>${opção}</arg>
<kw name="Sleep" library="BuiltIn">
<arg>3</arg>
<doc>Pauses the test executed for the given time.</doc>
<msg timestamp="20210712 18:02:35.899" level="INFO">Slept 3 seconds</msg>
<status status="PASS" starttime="20210712 18:02:32.883" endtime="20210712 18:02:35.899"/>
</kw>
<kw name="Wait Until Element Is Visible" library="SeleniumLibrary">
<arg>${combobox}</arg>
<arg>120</arg>
<doc>Waits until the element ``locator`` is visible.</doc>
<status status="PASS" starttime="20210712 18:02:35.899" endtime="20210712 18:02:35.915"/>
</kw>
<kw name="Click Element" library="SeleniumLibrary">
<arg>${combobox}</arg>
<doc>Click the element identified by ``locator``.</doc>
<msg timestamp="20210712 18:02:35.916" level="INFO">Clicking element 'xpath=//select[@id='fuel']'.</msg>
<status status="PASS" starttime="20210712 18:02:35.916" endtime="20210712 18:02:35.989"/>
</kw>
<kw name="Set Variable" library="BuiltIn">
<var>${Item}</var>
<arg>${combobox}//option[@value='${itemcombobox}']</arg>
<doc>Returns the given values which can then be assigned to a variables.</doc>
<msg timestamp="20210712 18:02:35.990" level="INFO">${Item} = xpath=//select[@id='fuel']//option[@value='Gas']</msg>
<status status="PASS" starttime="20210712 18:02:35.990" endtime="20210712 18:02:35.991"/>
</kw>
<kw name="Wait Until Element Is Visible" library="SeleniumLibrary">
<arg>${Item}</arg>
<arg>120</arg>
<doc>Waits until the element ``locator`` is visible.</doc>
<status status="PASS" starttime="20210712 18:02:35.991" endtime="20210712 18:02:36.012"/>
</kw>
<kw name="Click Element" library="SeleniumLibrary">
<arg>${Item}</arg>
<doc>Click the element identified by ``locator``.</doc>
<msg timestamp="20210712 18:02:36.013" level="INFO">Clicking element 'xpath=//select[@id='fuel']//option[@value='Gas']'.</msg>
<status status="PASS" starttime="20210712 18:02:36.012" endtime="20210712 18:02:36.045"/>
</kw>
<status status="PASS" starttime="20210712 18:02:32.883" endtime="20210712 18:02:36.045"/>
</kw>
<status status="PASS" starttime="20210712 18:02:32.883" endtime="20210712 18:02:36.045"/>
</branch>
<status status="PASS" starttime="20210712 18:02:32.883" endtime="20210712 18:02:36.045"/>
</if>
<status status="PASS" starttime="20210712 18:02:32.860" endtime="20210712 18:02:36.045"/>
</kw>
<kw name="Verifica Se Input Esta Na Tela" library="Config">
<arg>${PayloadInput}</arg>
<arg>${payload}</arg>
<kw name="Run Keyword And Return Status" library="BuiltIn">
<var>${Status}</var>
<arg>Olha se Existe</arg>
<arg>${pageObject}</arg>
<doc>Runs the given keyword with given arguments and returns the status as a Boolean value.</doc>
<kw name="Olha se Existe" library="Config">
<arg>${pageObject}</arg>
<kw name="Wait Until Element Is Visible" library="SeleniumLibrary">
<arg>${element}</arg>
<arg>60</arg>
<doc>Waits until the element ``locator`` is visible.</doc>
<status status="PASS" starttime="20210712 18:02:36.046" endtime="20210712 18:02:36.073"/>
</kw>
<status status="PASS" starttime="20210712 18:02:36.046" endtime="20210712 18:02:36.073"/>
</kw>
<msg timestamp="20210712 18:02:36.073" level="INFO">${Status} = True</msg>
<status status="PASS" starttime="20210712 18:02:36.045" endtime="20210712 18:02:36.073"/>
</kw>
<kw name="Log" library="BuiltIn">
<arg>${Status}</arg>
<doc>Logs the given message with the given level.</doc>
<msg timestamp="20210712 18:02:36.074" level="INFO">True</msg>
<status status="PASS" starttime="20210712 18:02:36.074" endtime="20210712 18:02:36.074"/>
</kw>
<if>
<branch type="IF" condition="'${Status}' == 'True'">
<kw name="Preenche Text" library="Config">
<arg>${pageObject}</arg>
<arg>${opção}</arg>
<kw name="Sleep" library="BuiltIn">
<arg>3</arg>
<doc>Pauses the test executed for the given time.</doc>
<msg timestamp="20210712 18:02:39.085" level="INFO">Slept 3 seconds</msg>
<status status="PASS" starttime="20210712 18:02:36.075" endtime="20210712 18:02:39.085"/>
</kw>
<kw name="Wait Until Element Is Visible" library="SeleniumLibrary">
<arg>${input}</arg>
<arg>120</arg>
<doc>Waits until the element ``locator`` is visible.</doc>
<status status="PASS" starttime="20210712 18:02:39.085" endtime="20210712 18:02:39.102"/>
</kw>
<kw name="Input Text" library="SeleniumLibrary">
<arg>${input}</arg>
<arg>${Text}</arg>
<doc>Types the given ``text`` into the text field identified by ``locator``.</doc>
<msg timestamp="20210712 18:02:39.103" level="INFO">Typing text '175' into text field 'xpath=//input[@id='payload']'.</msg>
<status status="PASS" starttime="20210712 18:02:39.102" endtime="20210712 18:02:39.197"/>
</kw>
<status status="PASS" starttime="20210712 18:02:36.074" endtime="20210712 18:02:39.197"/>
</kw>
<status status="PASS" starttime="20210712 18:02:36.074" endtime="20210712 18:02:39.197"/>
</branch>
<status status="PASS" starttime="20210712 18:02:36.074" endtime="20210712 18:02:39.197"/>
</if>
<status status="PASS" starttime="20210712 18:02:36.045" endtime="20210712 18:02:39.197"/>
</kw>
<kw name="Verifica Se Input Esta Na Tela" library="Config">
<arg>${TotalWeightInput}</arg>
<arg>${weight}</arg>
<kw name="Run Keyword And Return Status" library="BuiltIn">
<var>${Status}</var>
<arg>Olha se Existe</arg>
<arg>${pageObject}</arg>
<doc>Runs the given keyword with given arguments and returns the status as a Boolean value.</doc>
<kw name="Olha se Existe" library="Config">
<arg>${pageObject}</arg>
<kw name="Wait Until Element Is Visible" library="SeleniumLibrary">
<arg>${element}</arg>
<arg>60</arg>
<doc>Waits until the element ``locator`` is visible.</doc>
<status status="PASS" starttime="20210712 18:02:39.200" endtime="20210712 18:02:39.226"/>
</kw>
<status status="PASS" starttime="20210712 18:02:39.199" endtime="20210712 18:02:39.226"/>
</kw>
<msg timestamp="20210712 18:02:39.226" level="INFO">${Status} = True</msg>
<status status="PASS" starttime="20210712 18:02:39.199" endtime="20210712 18:02:39.226"/>
</kw>
<kw name="Log" library="BuiltIn">
<arg>${Status}</arg>
<doc>Logs the given message with the given level.</doc>
<msg timestamp="20210712 18:02:39.227" level="INFO">True</msg>
<status status="PASS" starttime="20210712 18:02:39.226" endtime="20210712 18:02:39.227"/>
</kw>
<if>
<branch type="IF" condition="'${Status}' == 'True'">
<kw name="Preenche Text" library="Config">
<arg>${pageObject}</arg>
<arg>${opção}</arg>
<kw name="Sleep" library="BuiltIn">
<arg>3</arg>
<doc>Pauses the test executed for the given time.</doc>
<msg timestamp="20210712 18:02:42.237" level="INFO">Slept 3 seconds</msg>
<status status="PASS" starttime="20210712 18:02:39.228" endtime="20210712 18:02:42.237"/>
</kw>
<kw name="Wait Until Element Is Visible" library="SeleniumLibrary">
<arg>${input}</arg>
<arg>120</arg>
<doc>Waits until the element ``locator`` is visible.</doc>
<status status="PASS" starttime="20210712 18:02:42.237" endtime="20210712 18:02:42.254"/>
</kw>
<kw name="Input Text" library="SeleniumLibrary">
<arg>${input}</arg>
<arg>${Text}</arg>
<doc>Types the given ``text`` into the text field identified by ``locator``.</doc>
<msg timestamp="20210712 18:02:42.255" level="INFO">Typing text '190' into text field 'xpath=//input[@id='totalweight']'.</msg>
<status status="PASS" starttime="20210712 18:02:42.254" endtime="20210712 18:02:42.354"/>
</kw>
<status status="PASS" starttime="20210712 18:02:39.227" endtime="20210712 18:02:42.354"/>
</kw>
<status status="PASS" starttime="20210712 18:02:39.227" endtime="20210712 18:02:42.354"/>
</branch>
<status status="PASS" starttime="20210712 18:02:39.227" endtime="20210712 18:02:42.354"/>
</if>
<status status="PASS" starttime="20210712 18:02:39.197" endtime="20210712 18:02:42.354"/>
</kw>
<kw name="Verifica Se Input Esta Na Tela" library="Config">
<arg>${ListPriceInput}</arg>
<arg>${price}</arg>
<kw name="Run Keyword And Return Status" library="BuiltIn">
<var>${Status}</var>
<arg>Olha se Existe</arg>
<arg>${pageObject}</arg>
<doc>Runs the given keyword with given arguments and returns the status as a Boolean value.</doc>
<kw name="Olha se Existe" library="Config">
<arg>${pageObject}</arg>
<kw name="Wait Until Element Is Visible" library="SeleniumLibrary">
<arg>${element}</arg>
<arg>60</arg>
<doc>Waits until the element ``locator`` is visible.</doc>
<status status="PASS" starttime="20210712 18:02:42.355" endtime="20210712 18:02:42.378"/>
</kw>
<status status="PASS" starttime="20210712 18:02:42.355" endtime="20210712 18:02:42.378"/>
</kw>
<msg timestamp="20210712 18:02:42.378" level="INFO">${Status} = True</msg>
<status status="PASS" starttime="20210712 18:02:42.355" endtime="20210712 18:02:42.378"/>
</kw>
<kw name="Log" library="BuiltIn">
<arg>${Status}</arg>
<doc>Logs the given message with the given level.</doc>
<msg timestamp="20210712 18:02:42.379" level="INFO">True</msg>
<status status="PASS" starttime="20210712 18:02:42.379" endtime="20210712 18:02:42.379"/>
</kw>
<if>
<branch type="IF" condition="'${Status}' == 'True'">
<kw name="Preenche Text" library="Config">
<arg>${pageObject}</arg>
<arg>${opção}</arg>
<kw name="Sleep" library="BuiltIn">
<arg>3</arg>
<doc>Pauses the test executed for the given time.</doc>
<msg timestamp="20210712 18:02:45.382" level="INFO">Slept 3 seconds</msg>
<status status="PASS" starttime="20210712 18:02:42.380" endtime="20210712 18:02:45.382"/>
</kw>
<kw name="Wait Until Element Is Visible" library="SeleniumLibrary">
<arg>${input}</arg>
<arg>120</arg>
<doc>Waits until the element ``locator`` is visible.</doc>
<status status="PASS" starttime="20210712 18:02:45.382" endtime="20210712 18:02:45.398"/>
</kw>
<kw name="Input Text" library="SeleniumLibrary">
<arg>${input}</arg>
<arg>${Text}</arg>
<doc>Types the given ``text`` into the text field identified by ``locator``.</doc>
<msg timestamp="20210712 18:02:45.399" level="INFO">Typing text '62000' into text field 'xpath=//input[@id='listprice']'.</msg>
<status status="PASS" starttime="20210712 18:02:45.398" endtime="20210712 18:02:45.503"/>
</kw>
<status status="PASS" starttime="20210712 18:02:42.380" endtime="20210712 18:02:45.504"/>
</kw>
<status status="PASS" starttime="20210712 18:02:42.379" endtime="20210712 18:02:45.504"/>
</branch>
<status status="PASS" starttime="20210712 18:02:42.379" endtime="20210712 18:02:45.504"/>
</if>
<status status="PASS" starttime="20210712 18:02:42.354" endtime="20210712 18:02:45.504"/>
</kw>
<kw name="Verifica Se Input Esta Na Tela" library="Config">
<arg>${LicensePlaterInput}</arg>
<arg>${plate}</arg>
<kw name="Run Keyword And Return Status" library="BuiltIn">
<var>${Status}</var>
<arg>Olha se Existe</arg>
<arg>${pageObject}</arg>
<doc>Runs the given keyword with given arguments and returns the status as a Boolean value.</doc>
<kw name="Olha se Existe" library="Config">
<arg>${pageObject}</arg>
<kw name="Wait Until Element Is Visible" library="SeleniumLibrary">
<arg>${element}</arg>
<arg>60</arg>
<doc>Waits until the element ``locator`` is visible.</doc>
<status status="PASS" starttime="20210712 18:02:45.505" endtime="20210712 18:02:45.527"/>
</kw>
<status status="PASS" starttime="20210712 18:02:45.505" endtime="20210712 18:02:45.527"/>
</kw>
<msg timestamp="20210712 18:02:45.528" level="INFO">${Status} = True</msg>
<status status="PASS" starttime="20210712 18:02:45.505" endtime="20210712 18:02:45.528"/>
</kw>
<kw name="Log" library="BuiltIn">
<arg>${Status}</arg>
<doc>Logs the given message with the given level.</doc>
<msg timestamp="20210712 18:02:45.528" level="INFO">True</msg>
<status status="PASS" starttime="20210712 18:02:45.528" endtime="20210712 18:02:45.528"/>
</kw>
<if>
<branch type="IF" condition="'${Status}' == 'True'">
<kw name="Preenche Text" library="Config">
<arg>${pageObject}</arg>
<arg>${opção}</arg>
<kw name="Sleep" library="BuiltIn">
<arg>3</arg>
<doc>Pauses the test executed for the given time.</doc>
<msg timestamp="20210712 18:02:48.538" level="INFO">Slept 3 seconds</msg>
<status status="PASS" starttime="20210712 18:02:45.529" endtime="20210712 18:02:48.538"/>
</kw>
<kw name="Wait Until Element Is Visible" library="SeleniumLibrary">
<arg>${input}</arg>
<arg>120</arg>
<doc>Waits until the element ``locator`` is visible.</doc>
<status status="PASS" starttime="20210712 18:02:48.538" endtime="20210712 18:02:48.558"/>
</kw>
<kw name="Input Text" library="SeleniumLibrary">
<arg>${input}</arg>
<arg>${Text}</arg>
<doc>Types the given ``text`` into the text field identified by ``locator``.</doc>
<msg timestamp="20210712 18:02:48.558" level="INFO">Typing text 'FSI 3013' into text field 'xpath=//input[@id='licenseplatenumber']'.</msg>
<status status="PASS" starttime="20210712 18:02:48.558" endtime="20210712 18:02:48.678"/>
</kw>
<status status="PASS" starttime="20210712 18:02:45.529" endtime="20210712 18:02:48.678"/>
</kw>
<status status="PASS" starttime="20210712 18:02:45.529" endtime="20210712 18:02:48.678"/>
</branch>
<status status="PASS" starttime="20210712 18:02:45.528" endtime="20210712 18:02:48.678"/>
</if>
<status status="PASS" starttime="20210712 18:02:45.504" endtime="20210712 18:02:48.678"/>
</kw>
<kw name="Verifica Se Input Esta Na Tela" library="Config">
<arg>${AnnualMileageInput}</arg>
<arg>${mileage}</arg>
<kw name="Run Keyword And Return Status" library="BuiltIn">
<var>${Status}</var>
<arg>Olha se Existe</arg>
<arg>${pageObject}</arg>
<doc>Runs the given keyword with given arguments and returns the status as a Boolean value.</doc>
<kw name="Olha se Existe" library="Config">
<arg>${pageObject}</arg>
<kw name="Wait Until Element Is Visible" library="SeleniumLibrary">
<arg>${element}</arg>
<arg>60</arg>
<doc>Waits until the element ``locator`` is visible.</doc>
<status status="PASS" starttime="20210712 18:02:48.679" endtime="20210712 18:02:48.701"/>
</kw>
<status status="PASS" starttime="20210712 18:02:48.679" endtime="20210712 18:02:48.701"/>
</kw>
<msg timestamp="20210712 18:02:48.701" level="INFO">${Status} = True</msg>
<status status="PASS" starttime="20210712 18:02:48.679" endtime="20210712 18:02:48.701"/>
</kw>
<kw name="Log" library="BuiltIn">
<arg>${Status}</arg>
<doc>Logs the given message with the given level.</doc>
<msg timestamp="20210712 18:02:48.701" level="INFO">True</msg>
<status status="PASS" starttime="20210712 18:02:48.701" endtime="20210712 18:02:48.701"/>
</kw>
<if>
<branch type="IF" condition="'${Status}' == 'True'">
<kw name="Preenche Text" library="Config">
<arg>${pageObject}</arg>
<arg>${opção}</arg>
<kw name="Sleep" library="BuiltIn">
<arg>3</arg>
<doc>Pauses the test executed for the given time.</doc>
<msg timestamp="20210712 18:02:51.715" level="INFO">Slept 3 seconds</msg>
<status status="PASS" starttime="20210712 18:02:48.702" endtime="20210712 18:02:51.715"/>
</kw>
<kw name="Wait Until Element Is Visible" library="SeleniumLibrary">
<arg>${input}</arg>
<arg>120</arg>
<doc>Waits until the element ``locator`` is visible.</doc>
<status status="PASS" starttime="20210712 18:02:51.715" endtime="20210712 18:02:51.733"/>
</kw>
<kw name="Input Text" library="SeleniumLibrary">
<arg>${input}</arg>
<arg>${Text}</arg>
<doc>Types the given ``text`` into the text field identified by ``locator``.</doc>
<msg timestamp="20210712 18:02:51.734" level="INFO">Typing text '5000' into text field 'xpath=//input[@id='annualmileage']'.</msg>
<status status="PASS" starttime="20210712 18:02:51.734" endtime="20210712 18:02:51.839"/>
</kw>
<status status="PASS" starttime="20210712 18:02:48.702" endtime="20210712 18:02:51.840"/>
</kw>
<status status="PASS" starttime="20210712 18:02:48.702" endtime="20210712 18:02:51.840"/>
</branch>
<status status="PASS" starttime="20210712 18:02:48.701" endtime="20210712 18:02:51.840"/>
</if>
<status status="PASS" starttime="20210712 18:02:48.679" endtime="20210712 18:02:51.840"/>
</kw>
<status status="PASS" starttime="20210712 18:02:07.495" endtime="20210712 18:02:51.841"/>
</kw>
<kw name="Então dou click em Next e valido que preencheu a primeira tela e mudou de tela com sucesso" library="DesafioTricentisSteps">
<kw name="Click No Item" library="Config">
<arg>${NextBtn}</arg>
<kw name="Sleep" library="BuiltIn">
<arg>3</arg>
<doc>Pauses the test executed for the given time.</doc>
<msg timestamp="20210712 18:02:54.850" level="INFO">Slept 3 seconds</msg>
<status status="PASS" starttime="20210712 18:02:51.842" endtime="20210712 18:02:54.850"/>
</kw>
<kw name="Wait Until Element Is Visible" library="SeleniumLibrary">
<arg>${item}</arg>
<arg>120</arg>
<doc>Waits until the element ``locator`` is visible.</doc>
<status status="PASS" starttime="20210712 18:02:54.851" endtime="20210712 18:02:54.871"/>
</kw>
<kw name="Click Element" library="SeleniumLibrary">
<arg>${item}</arg>
<doc>Click the element identified by ``locator``.</doc>
<msg timestamp="20210712 18:02:54.871" level="INFO">Clicking element 'xpath=//button[@id='nextenterinsurantdata']'.</msg>
<status status="PASS" starttime="20210712 18:02:54.871" endtime="20210712 18:02:54.938"/>
</kw>
<status status="PASS" starttime="20210712 18:02:51.842" endtime="20210712 18:02:54.938"/>
</kw>
<kw name="Sleep" library="BuiltIn">
<arg>3</arg>
<doc>Pauses the test executed for the given time.</doc>
<msg timestamp="20210712 18:02:57.943" level="INFO">Slept 3 seconds</msg>
<status status="PASS" starttime="20210712 18:02:54.939" endtime="20210712 18:02:57.943"/>
</kw>
<kw name="Wait Until Element Is Visible" library="SeleniumLibrary">
<arg>${ValidarItemNaTela}</arg>
<arg>120</arg>
<doc>Waits until the element ``locator`` is visible.</doc>
<status status="PASS" starttime="20210712 18:02:57.943" endtime="20210712 18:02:57.964"/>
</kw>
<status status="PASS" starttime="20210712 18:02:51.841" endtime="20210712 18:02:57.964"/>
</kw>
<kw name="Fechar navegador" library="Config" type="TEARDOWN">
<kw name="Capture Page Screenshot" library="SeleniumLibrary">
<doc>Takes a screenshot of the current page and embeds it into a log file.</doc>
<msg timestamp="20210712 18:02:58.151" level="INFO" html="true">&lt;/td&gt;&lt;/tr&gt;&lt;tr&gt;&lt;td colspan="3"&gt;&lt;a href="selenium-screenshot-25.png"&gt;&lt;img src="selenium-screenshot-25.png" width="800px"&gt;&lt;/a&gt;</msg>
<status status="PASS" starttime="20210712 18:02:57.965" endtime="20210712 18:02:58.151"/>
</kw>
<kw name="Close Browser" library="SeleniumLibrary">
<doc>Closes the current browser.</doc>
<status status="PASS" starttime="20210712 18:02:58.152" endtime="20210712 18:03:00.384"/>
</kw>
<status status="PASS" starttime="20210712 18:02:57.965" endtime="20210712 18:03:00.384"/>
</kw>
<kw name="Stop Recording Test" library="AutoRecorder">
<arg>CT01:Preencher Primeira Tela</arg>
<doc>There is no need to execute this keyword manually.
Basically - alias for https://mihaiparvu.github.io/ScreenCapLibrary/ScreenCapLibrary.html#Stop%20Video%20Recording</doc>
<msg timestamp="20210712 18:03:00.460" level="INFO" html="true">&lt;a href="recording_12.webm"&gt;&lt;video width="800px" autoplay&gt;&lt;source src="recording_12.webm" type="video/webm"&gt;&lt;/video&gt;&lt;/a&gt;</msg>
<status status="PASS" starttime="20210712 18:03:00.385" endtime="20210712 18:03:00.461"/>
</kw>
<status status="PASS" starttime="20210712 18:01:57.735" endtime="20210712 18:03:00.385"/>
</test>
<status status="PASS" starttime="20210712 18:01:57.276" endtime="20210712 18:03:00.464"/>
</suite>
<statistics>
<total>
<stat pass="1" fail="0" skip="0">All Tests</stat>
</total>
<tag>
</tag>
<suite>
<stat pass="1" fail="0" skip="0" id="s1" name="TestDesafioTricentis">TestDesafioTricentis</stat>
</suite>
</statistics>
<errors>
</errors>
</robot>
